
Attaching package: 'dplyr'

The following objects are masked from 'package:Biostrings':

    collapse, intersect, setdiff, setequal, union

The following object is masked from 'package:XVector':

    slice

The following objects are masked from 'package:data.table':

    between, first, last

The following object is masked from 'package:matrixStats':

    count

The following object is masked from 'package:AnnotationDbi':

    select

The following object is masked from 'package:Biobase':

    combine

The following object is masked from 'package:gridExtra':

    combine

The following objects are masked from 'package:GenomicRanges':

    intersect, setdiff, union

The following object is masked from 'package:GenomeInfoDb':

    intersect

The following objects are masked from 'package:IRanges':

    collapse, desc, intersect, setdiff, slice, union

The following objects are masked from 'package:S4Vectors':

    first, intersect, rename, setdiff, setequal, union

The following objects are masked from 'package:BiocGenerics':

    combine, intersect, setdiff, union

The following objects are masked from 'package:stats':

    filter, lag

The following objects are masked from 'package:base':

    intersect, setdiff, setequal, union

Loading required package: nnet
Loading required package: MASS

Attaching package: 'MASS'

The following object is masked from 'package:dplyr':

    select

The following object is masked from 'package:AnnotationDbi':

    select

Loading required package: Rsolnp
Loading required package: nlme

Attaching package: 'nlme'

The following object is masked from 'package:dplyr':

    collapse

The following object is masked from 'package:Biostrings':

    collapse

The following object is masked from 'package:IRanges':

    collapse


Attaching package: 'depmixS4'

The following object is masked from 'package:ehmm':

    viterbi

fANCOVA 0.6-1 loaded
Warning message:
package 'depmixS4' was built under R version 4.0.5 
'select()' returned 1:1 mapping between keys and columns
null device 
          1 
