
Attaching package: 'dplyr'

The following objects are masked from 'package:Biostrings':

    collapse, intersect, setdiff, setequal, union

The following object is masked from 'package:XVector':

    slice

The following objects are masked from 'package:data.table':

    between, first, last

The following object is masked from 'package:matrixStats':

    count

The following object is masked from 'package:AnnotationDbi':

    select

The following object is masked from 'package:Biobase':

    combine

The following object is masked from 'package:gridExtra':

    combine

The following objects are masked from 'package:GenomicRanges':

    intersect, setdiff, union

The following object is masked from 'package:GenomeInfoDb':

    intersect

The following objects are masked from 'package:IRanges':

    collapse, desc, intersect, setdiff, slice, union

The following objects are masked from 'package:S4Vectors':

    first, intersect, rename, setdiff, setequal, union

The following objects are masked from 'package:BiocGenerics':

    combine, intersect, setdiff, union

The following objects are masked from 'package:stats':

    filter, lag

The following objects are masked from 'package:base':

    intersect, setdiff, setequal, union

Loading required package: nnet
Loading required package: MASS

Attaching package: 'MASS'

The following object is masked from 'package:dplyr':

    select

The following object is masked from 'package:AnnotationDbi':

    select

Loading required package: Rsolnp
Loading required package: nlme

Attaching package: 'nlme'

The following object is masked from 'package:dplyr':

    collapse

The following object is masked from 'package:Biostrings':

    collapse

The following object is masked from 'package:IRanges':

    collapse


Attaching package: 'depmixS4'

The following object is masked from 'package:ehmm':

    viterbi

fANCOVA 0.6-1 loaded
Warning message:
package 'depmixS4' was built under R version 4.0.5 
   [1] "Data/fig6/projection/tad_48h_1kb_bins/tad_0001_1kb.proj"
   [2] "Data/fig6/projection/tad_48h_1kb_bins/tad_0002_1kb.proj"
   [3] "Data/fig6/projection/tad_48h_1kb_bins/tad_0003_1kb.proj"
   [4] "Data/fig6/projection/tad_48h_1kb_bins/tad_0004_1kb.proj"
   [5] "Data/fig6/projection/tad_48h_1kb_bins/tad_0005_1kb.proj"
   [6] "Data/fig6/projection/tad_48h_1kb_bins/tad_0006_1kb.proj"
   [7] "Data/fig6/projection/tad_48h_1kb_bins/tad_0007_1kb.proj"
   [8] "Data/fig6/projection/tad_48h_1kb_bins/tad_0008_1kb.proj"
   [9] "Data/fig6/projection/tad_48h_1kb_bins/tad_0009_1kb.proj"
  [10] "Data/fig6/projection/tad_48h_1kb_bins/tad_0010_1kb.proj"
  [11] "Data/fig6/projection/tad_48h_1kb_bins/tad_0011_1kb.proj"
  [12] "Data/fig6/projection/tad_48h_1kb_bins/tad_0012_1kb.proj"
  [13] "Data/fig6/projection/tad_48h_1kb_bins/tad_0013_1kb.proj"
  [14] "Data/fig6/projection/tad_48h_1kb_bins/tad_0014_1kb.proj"
  [15] "Data/fig6/projection/tad_48h_1kb_bins/tad_0015_1kb.proj"
  [16] "Data/fig6/projection/tad_48h_1kb_bins/tad_0016_1kb.proj"
  [17] "Data/fig6/projection/tad_48h_1kb_bins/tad_0017_1kb.proj"
  [18] "Data/fig6/projection/tad_48h_1kb_bins/tad_0018_1kb.proj"
  [19] "Data/fig6/projection/tad_48h_1kb_bins/tad_0019_1kb.proj"
  [20] "Data/fig6/projection/tad_48h_1kb_bins/tad_0020_1kb.proj"
  [21] "Data/fig6/projection/tad_48h_1kb_bins/tad_0021_1kb.proj"
  [22] "Data/fig6/projection/tad_48h_1kb_bins/tad_0022_1kb.proj"
  [23] "Data/fig6/projection/tad_48h_1kb_bins/tad_0023_1kb.proj"
  [24] "Data/fig6/projection/tad_48h_1kb_bins/tad_0024_1kb.proj"
  [25] "Data/fig6/projection/tad_48h_1kb_bins/tad_0025_1kb.proj"
  [26] "Data/fig6/projection/tad_48h_1kb_bins/tad_0026_1kb.proj"
  [27] "Data/fig6/projection/tad_48h_1kb_bins/tad_0027_1kb.proj"
  [28] "Data/fig6/projection/tad_48h_1kb_bins/tad_0028_1kb.proj"
  [29] "Data/fig6/projection/tad_48h_1kb_bins/tad_0029_1kb.proj"
  [30] "Data/fig6/projection/tad_48h_1kb_bins/tad_0030_1kb.proj"
  [31] "Data/fig6/projection/tad_48h_1kb_bins/tad_0031_1kb.proj"
  [32] "Data/fig6/projection/tad_48h_1kb_bins/tad_0032_1kb.proj"
  [33] "Data/fig6/projection/tad_48h_1kb_bins/tad_0033_1kb.proj"
  [34] "Data/fig6/projection/tad_48h_1kb_bins/tad_0034_1kb.proj"
  [35] "Data/fig6/projection/tad_48h_1kb_bins/tad_0035_1kb.proj"
  [36] "Data/fig6/projection/tad_48h_1kb_bins/tad_0036_1kb.proj"
  [37] "Data/fig6/projection/tad_48h_1kb_bins/tad_0037_1kb.proj"
  [38] "Data/fig6/projection/tad_48h_1kb_bins/tad_0038_1kb.proj"
  [39] "Data/fig6/projection/tad_48h_1kb_bins/tad_0039_1kb.proj"
  [40] "Data/fig6/projection/tad_48h_1kb_bins/tad_0040_1kb.proj"
  [41] "Data/fig6/projection/tad_48h_1kb_bins/tad_0041_1kb.proj"
  [42] "Data/fig6/projection/tad_48h_1kb_bins/tad_0042_1kb.proj"
  [43] "Data/fig6/projection/tad_48h_1kb_bins/tad_0043_1kb.proj"
  [44] "Data/fig6/projection/tad_48h_1kb_bins/tad_0044_1kb.proj"
  [45] "Data/fig6/projection/tad_48h_1kb_bins/tad_0045_1kb.proj"
  [46] "Data/fig6/projection/tad_48h_1kb_bins/tad_0046_1kb.proj"
  [47] "Data/fig6/projection/tad_48h_1kb_bins/tad_0047_1kb.proj"
  [48] "Data/fig6/projection/tad_48h_1kb_bins/tad_0048_1kb.proj"
  [49] "Data/fig6/projection/tad_48h_1kb_bins/tad_0049_1kb.proj"
  [50] "Data/fig6/projection/tad_48h_1kb_bins/tad_0050_1kb.proj"
  [51] "Data/fig6/projection/tad_48h_1kb_bins/tad_0051_1kb.proj"
  [52] "Data/fig6/projection/tad_48h_1kb_bins/tad_0052_1kb.proj"
  [53] "Data/fig6/projection/tad_48h_1kb_bins/tad_0053_1kb.proj"
  [54] "Data/fig6/projection/tad_48h_1kb_bins/tad_0054_1kb.proj"
  [55] "Data/fig6/projection/tad_48h_1kb_bins/tad_0055_1kb.proj"
  [56] "Data/fig6/projection/tad_48h_1kb_bins/tad_0056_1kb.proj"
  [57] "Data/fig6/projection/tad_48h_1kb_bins/tad_0057_1kb.proj"
  [58] "Data/fig6/projection/tad_48h_1kb_bins/tad_0058_1kb.proj"
  [59] "Data/fig6/projection/tad_48h_1kb_bins/tad_0059_1kb.proj"
  [60] "Data/fig6/projection/tad_48h_1kb_bins/tad_0060_1kb.proj"
  [61] "Data/fig6/projection/tad_48h_1kb_bins/tad_0061_1kb.proj"
  [62] "Data/fig6/projection/tad_48h_1kb_bins/tad_0062_1kb.proj"
  [63] "Data/fig6/projection/tad_48h_1kb_bins/tad_0063_1kb.proj"
  [64] "Data/fig6/projection/tad_48h_1kb_bins/tad_0064_1kb.proj"
  [65] "Data/fig6/projection/tad_48h_1kb_bins/tad_0065_1kb.proj"
  [66] "Data/fig6/projection/tad_48h_1kb_bins/tad_0066_1kb.proj"
  [67] "Data/fig6/projection/tad_48h_1kb_bins/tad_0067_1kb.proj"
  [68] "Data/fig6/projection/tad_48h_1kb_bins/tad_0068_1kb.proj"
  [69] "Data/fig6/projection/tad_48h_1kb_bins/tad_0069_1kb.proj"
  [70] "Data/fig6/projection/tad_48h_1kb_bins/tad_0070_1kb.proj"
  [71] "Data/fig6/projection/tad_48h_1kb_bins/tad_0071_1kb.proj"
  [72] "Data/fig6/projection/tad_48h_1kb_bins/tad_0072_1kb.proj"
  [73] "Data/fig6/projection/tad_48h_1kb_bins/tad_0073_1kb.proj"
  [74] "Data/fig6/projection/tad_48h_1kb_bins/tad_0074_1kb.proj"
  [75] "Data/fig6/projection/tad_48h_1kb_bins/tad_0075_1kb.proj"
  [76] "Data/fig6/projection/tad_48h_1kb_bins/tad_0076_1kb.proj"
  [77] "Data/fig6/projection/tad_48h_1kb_bins/tad_0077_1kb.proj"
  [78] "Data/fig6/projection/tad_48h_1kb_bins/tad_0078_1kb.proj"
  [79] "Data/fig6/projection/tad_48h_1kb_bins/tad_0079_1kb.proj"
  [80] "Data/fig6/projection/tad_48h_1kb_bins/tad_0080_1kb.proj"
  [81] "Data/fig6/projection/tad_48h_1kb_bins/tad_0081_1kb.proj"
  [82] "Data/fig6/projection/tad_48h_1kb_bins/tad_0082_1kb.proj"
  [83] "Data/fig6/projection/tad_48h_1kb_bins/tad_0083_1kb.proj"
  [84] "Data/fig6/projection/tad_48h_1kb_bins/tad_0084_1kb.proj"
  [85] "Data/fig6/projection/tad_48h_1kb_bins/tad_0085_1kb.proj"
  [86] "Data/fig6/projection/tad_48h_1kb_bins/tad_0086_1kb.proj"
  [87] "Data/fig6/projection/tad_48h_1kb_bins/tad_0087_1kb.proj"
  [88] "Data/fig6/projection/tad_48h_1kb_bins/tad_0088_1kb.proj"
  [89] "Data/fig6/projection/tad_48h_1kb_bins/tad_0089_1kb.proj"
  [90] "Data/fig6/projection/tad_48h_1kb_bins/tad_0090_1kb.proj"
  [91] "Data/fig6/projection/tad_48h_1kb_bins/tad_0091_1kb.proj"
  [92] "Data/fig6/projection/tad_48h_1kb_bins/tad_0092_1kb.proj"
  [93] "Data/fig6/projection/tad_48h_1kb_bins/tad_0093_1kb.proj"
  [94] "Data/fig6/projection/tad_48h_1kb_bins/tad_0094_1kb.proj"
  [95] "Data/fig6/projection/tad_48h_1kb_bins/tad_0095_1kb.proj"
  [96] "Data/fig6/projection/tad_48h_1kb_bins/tad_0096_1kb.proj"
  [97] "Data/fig6/projection/tad_48h_1kb_bins/tad_0097_1kb.proj"
  [98] "Data/fig6/projection/tad_48h_1kb_bins/tad_0098_1kb.proj"
  [99] "Data/fig6/projection/tad_48h_1kb_bins/tad_0099_1kb.proj"
 [100] "Data/fig6/projection/tad_48h_1kb_bins/tad_0100_1kb.proj"
 [101] "Data/fig6/projection/tad_48h_1kb_bins/tad_0101_1kb.proj"
 [102] "Data/fig6/projection/tad_48h_1kb_bins/tad_0102_1kb.proj"
 [103] "Data/fig6/projection/tad_48h_1kb_bins/tad_0103_1kb.proj"
 [104] "Data/fig6/projection/tad_48h_1kb_bins/tad_0104_1kb.proj"
 [105] "Data/fig6/projection/tad_48h_1kb_bins/tad_0105_1kb.proj"
 [106] "Data/fig6/projection/tad_48h_1kb_bins/tad_0106_1kb.proj"
 [107] "Data/fig6/projection/tad_48h_1kb_bins/tad_0107_1kb.proj"
 [108] "Data/fig6/projection/tad_48h_1kb_bins/tad_0108_1kb.proj"
 [109] "Data/fig6/projection/tad_48h_1kb_bins/tad_0109_1kb.proj"
 [110] "Data/fig6/projection/tad_48h_1kb_bins/tad_0110_1kb.proj"
 [111] "Data/fig6/projection/tad_48h_1kb_bins/tad_0111_1kb.proj"
 [112] "Data/fig6/projection/tad_48h_1kb_bins/tad_0112_1kb.proj"
 [113] "Data/fig6/projection/tad_48h_1kb_bins/tad_0113_1kb.proj"
 [114] "Data/fig6/projection/tad_48h_1kb_bins/tad_0114_1kb.proj"
 [115] "Data/fig6/projection/tad_48h_1kb_bins/tad_0115_1kb.proj"
 [116] "Data/fig6/projection/tad_48h_1kb_bins/tad_0116_1kb.proj"
 [117] "Data/fig6/projection/tad_48h_1kb_bins/tad_0117_1kb.proj"
 [118] "Data/fig6/projection/tad_48h_1kb_bins/tad_0118_1kb.proj"
 [119] "Data/fig6/projection/tad_48h_1kb_bins/tad_0119_1kb.proj"
 [120] "Data/fig6/projection/tad_48h_1kb_bins/tad_0120_1kb.proj"
 [121] "Data/fig6/projection/tad_48h_1kb_bins/tad_0121_1kb.proj"
 [122] "Data/fig6/projection/tad_48h_1kb_bins/tad_0122_1kb.proj"
 [123] "Data/fig6/projection/tad_48h_1kb_bins/tad_0123_1kb.proj"
 [124] "Data/fig6/projection/tad_48h_1kb_bins/tad_0124_1kb.proj"
 [125] "Data/fig6/projection/tad_48h_1kb_bins/tad_0125_1kb.proj"
 [126] "Data/fig6/projection/tad_48h_1kb_bins/tad_0126_1kb.proj"
 [127] "Data/fig6/projection/tad_48h_1kb_bins/tad_0127_1kb.proj"
 [128] "Data/fig6/projection/tad_48h_1kb_bins/tad_0128_1kb.proj"
 [129] "Data/fig6/projection/tad_48h_1kb_bins/tad_0129_1kb.proj"
 [130] "Data/fig6/projection/tad_48h_1kb_bins/tad_0130_1kb.proj"
 [131] "Data/fig6/projection/tad_48h_1kb_bins/tad_0131_1kb.proj"
 [132] "Data/fig6/projection/tad_48h_1kb_bins/tad_0132_1kb.proj"
 [133] "Data/fig6/projection/tad_48h_1kb_bins/tad_0133_1kb.proj"
 [134] "Data/fig6/projection/tad_48h_1kb_bins/tad_0134_1kb.proj"
 [135] "Data/fig6/projection/tad_48h_1kb_bins/tad_0135_1kb.proj"
 [136] "Data/fig6/projection/tad_48h_1kb_bins/tad_0136_1kb.proj"
 [137] "Data/fig6/projection/tad_48h_1kb_bins/tad_0137_1kb.proj"
 [138] "Data/fig6/projection/tad_48h_1kb_bins/tad_0138_1kb.proj"
 [139] "Data/fig6/projection/tad_48h_1kb_bins/tad_0139_1kb.proj"
 [140] "Data/fig6/projection/tad_48h_1kb_bins/tad_0140_1kb.proj"
 [141] "Data/fig6/projection/tad_48h_1kb_bins/tad_0141_1kb.proj"
 [142] "Data/fig6/projection/tad_48h_1kb_bins/tad_0142_1kb.proj"
 [143] "Data/fig6/projection/tad_48h_1kb_bins/tad_0143_1kb.proj"
 [144] "Data/fig6/projection/tad_48h_1kb_bins/tad_0144_1kb.proj"
 [145] "Data/fig6/projection/tad_48h_1kb_bins/tad_0145_1kb.proj"
 [146] "Data/fig6/projection/tad_48h_1kb_bins/tad_0146_1kb.proj"
 [147] "Data/fig6/projection/tad_48h_1kb_bins/tad_0147_1kb.proj"
 [148] "Data/fig6/projection/tad_48h_1kb_bins/tad_0148_1kb.proj"
 [149] "Data/fig6/projection/tad_48h_1kb_bins/tad_0149_1kb.proj"
 [150] "Data/fig6/projection/tad_48h_1kb_bins/tad_0150_1kb.proj"
 [151] "Data/fig6/projection/tad_48h_1kb_bins/tad_0151_1kb.proj"
 [152] "Data/fig6/projection/tad_48h_1kb_bins/tad_0152_1kb.proj"
 [153] "Data/fig6/projection/tad_48h_1kb_bins/tad_0153_1kb.proj"
 [154] "Data/fig6/projection/tad_48h_1kb_bins/tad_0154_1kb.proj"
 [155] "Data/fig6/projection/tad_48h_1kb_bins/tad_0155_1kb.proj"
 [156] "Data/fig6/projection/tad_48h_1kb_bins/tad_0156_1kb.proj"
 [157] "Data/fig6/projection/tad_48h_1kb_bins/tad_0157_1kb.proj"
 [158] "Data/fig6/projection/tad_48h_1kb_bins/tad_0158_1kb.proj"
 [159] "Data/fig6/projection/tad_48h_1kb_bins/tad_0159_1kb.proj"
 [160] "Data/fig6/projection/tad_48h_1kb_bins/tad_0160_1kb.proj"
 [161] "Data/fig6/projection/tad_48h_1kb_bins/tad_0161_1kb.proj"
 [162] "Data/fig6/projection/tad_48h_1kb_bins/tad_0162_1kb.proj"
 [163] "Data/fig6/projection/tad_48h_1kb_bins/tad_0163_1kb.proj"
 [164] "Data/fig6/projection/tad_48h_1kb_bins/tad_0164_1kb.proj"
 [165] "Data/fig6/projection/tad_48h_1kb_bins/tad_0165_1kb.proj"
 [166] "Data/fig6/projection/tad_48h_1kb_bins/tad_0166_1kb.proj"
 [167] "Data/fig6/projection/tad_48h_1kb_bins/tad_0167_1kb.proj"
 [168] "Data/fig6/projection/tad_48h_1kb_bins/tad_0168_1kb.proj"
 [169] "Data/fig6/projection/tad_48h_1kb_bins/tad_0169_1kb.proj"
 [170] "Data/fig6/projection/tad_48h_1kb_bins/tad_0170_1kb.proj"
 [171] "Data/fig6/projection/tad_48h_1kb_bins/tad_0171_1kb.proj"
 [172] "Data/fig6/projection/tad_48h_1kb_bins/tad_0172_1kb.proj"
 [173] "Data/fig6/projection/tad_48h_1kb_bins/tad_0173_1kb.proj"
 [174] "Data/fig6/projection/tad_48h_1kb_bins/tad_0174_1kb.proj"
 [175] "Data/fig6/projection/tad_48h_1kb_bins/tad_0175_1kb.proj"
 [176] "Data/fig6/projection/tad_48h_1kb_bins/tad_0176_1kb.proj"
 [177] "Data/fig6/projection/tad_48h_1kb_bins/tad_0177_1kb.proj"
 [178] "Data/fig6/projection/tad_48h_1kb_bins/tad_0178_1kb.proj"
 [179] "Data/fig6/projection/tad_48h_1kb_bins/tad_0179_1kb.proj"
 [180] "Data/fig6/projection/tad_48h_1kb_bins/tad_0180_1kb.proj"
 [181] "Data/fig6/projection/tad_48h_1kb_bins/tad_0181_1kb.proj"
 [182] "Data/fig6/projection/tad_48h_1kb_bins/tad_0182_1kb.proj"
 [183] "Data/fig6/projection/tad_48h_1kb_bins/tad_0183_1kb.proj"
 [184] "Data/fig6/projection/tad_48h_1kb_bins/tad_0184_1kb.proj"
 [185] "Data/fig6/projection/tad_48h_1kb_bins/tad_0185_1kb.proj"
 [186] "Data/fig6/projection/tad_48h_1kb_bins/tad_0186_1kb.proj"
 [187] "Data/fig6/projection/tad_48h_1kb_bins/tad_0187_1kb.proj"
 [188] "Data/fig6/projection/tad_48h_1kb_bins/tad_0188_1kb.proj"
 [189] "Data/fig6/projection/tad_48h_1kb_bins/tad_0189_1kb.proj"
 [190] "Data/fig6/projection/tad_48h_1kb_bins/tad_0190_1kb.proj"
 [191] "Data/fig6/projection/tad_48h_1kb_bins/tad_0191_1kb.proj"
 [192] "Data/fig6/projection/tad_48h_1kb_bins/tad_0192_1kb.proj"
 [193] "Data/fig6/projection/tad_48h_1kb_bins/tad_0193_1kb.proj"
 [194] "Data/fig6/projection/tad_48h_1kb_bins/tad_0194_1kb.proj"
 [195] "Data/fig6/projection/tad_48h_1kb_bins/tad_0195_1kb.proj"
 [196] "Data/fig6/projection/tad_48h_1kb_bins/tad_0196_1kb.proj"
 [197] "Data/fig6/projection/tad_48h_1kb_bins/tad_0197_1kb.proj"
 [198] "Data/fig6/projection/tad_48h_1kb_bins/tad_0198_1kb.proj"
 [199] "Data/fig6/projection/tad_48h_1kb_bins/tad_0199_1kb.proj"
 [200] "Data/fig6/projection/tad_48h_1kb_bins/tad_0200_1kb.proj"
 [201] "Data/fig6/projection/tad_48h_1kb_bins/tad_0201_1kb.proj"
 [202] "Data/fig6/projection/tad_48h_1kb_bins/tad_0202_1kb.proj"
 [203] "Data/fig6/projection/tad_48h_1kb_bins/tad_0203_1kb.proj"
 [204] "Data/fig6/projection/tad_48h_1kb_bins/tad_0204_1kb.proj"
 [205] "Data/fig6/projection/tad_48h_1kb_bins/tad_0205_1kb.proj"
 [206] "Data/fig6/projection/tad_48h_1kb_bins/tad_0206_1kb.proj"
 [207] "Data/fig6/projection/tad_48h_1kb_bins/tad_0207_1kb.proj"
 [208] "Data/fig6/projection/tad_48h_1kb_bins/tad_0208_1kb.proj"
 [209] "Data/fig6/projection/tad_48h_1kb_bins/tad_0209_1kb.proj"
 [210] "Data/fig6/projection/tad_48h_1kb_bins/tad_0210_1kb.proj"
 [211] "Data/fig6/projection/tad_48h_1kb_bins/tad_0211_1kb.proj"
 [212] "Data/fig6/projection/tad_48h_1kb_bins/tad_0212_1kb.proj"
 [213] "Data/fig6/projection/tad_48h_1kb_bins/tad_0213_1kb.proj"
 [214] "Data/fig6/projection/tad_48h_1kb_bins/tad_0214_1kb.proj"
 [215] "Data/fig6/projection/tad_48h_1kb_bins/tad_0215_1kb.proj"
 [216] "Data/fig6/projection/tad_48h_1kb_bins/tad_0216_1kb.proj"
 [217] "Data/fig6/projection/tad_48h_1kb_bins/tad_0217_1kb.proj"
 [218] "Data/fig6/projection/tad_48h_1kb_bins/tad_0218_1kb.proj"
 [219] "Data/fig6/projection/tad_48h_1kb_bins/tad_0219_1kb.proj"
 [220] "Data/fig6/projection/tad_48h_1kb_bins/tad_0220_1kb.proj"
 [221] "Data/fig6/projection/tad_48h_1kb_bins/tad_0221_1kb.proj"
 [222] "Data/fig6/projection/tad_48h_1kb_bins/tad_0222_1kb.proj"
 [223] "Data/fig6/projection/tad_48h_1kb_bins/tad_0223_1kb.proj"
 [224] "Data/fig6/projection/tad_48h_1kb_bins/tad_0224_1kb.proj"
 [225] "Data/fig6/projection/tad_48h_1kb_bins/tad_0225_1kb.proj"
 [226] "Data/fig6/projection/tad_48h_1kb_bins/tad_0226_1kb.proj"
 [227] "Data/fig6/projection/tad_48h_1kb_bins/tad_0227_1kb.proj"
 [228] "Data/fig6/projection/tad_48h_1kb_bins/tad_0228_1kb.proj"
 [229] "Data/fig6/projection/tad_48h_1kb_bins/tad_0229_1kb.proj"
 [230] "Data/fig6/projection/tad_48h_1kb_bins/tad_0230_1kb.proj"
 [231] "Data/fig6/projection/tad_48h_1kb_bins/tad_0231_1kb.proj"
 [232] "Data/fig6/projection/tad_48h_1kb_bins/tad_0232_1kb.proj"
 [233] "Data/fig6/projection/tad_48h_1kb_bins/tad_0233_1kb.proj"
 [234] "Data/fig6/projection/tad_48h_1kb_bins/tad_0234_1kb.proj"
 [235] "Data/fig6/projection/tad_48h_1kb_bins/tad_0235_1kb.proj"
 [236] "Data/fig6/projection/tad_48h_1kb_bins/tad_0236_1kb.proj"
 [237] "Data/fig6/projection/tad_48h_1kb_bins/tad_0237_1kb.proj"
 [238] "Data/fig6/projection/tad_48h_1kb_bins/tad_0238_1kb.proj"
 [239] "Data/fig6/projection/tad_48h_1kb_bins/tad_0239_1kb.proj"
 [240] "Data/fig6/projection/tad_48h_1kb_bins/tad_0240_1kb.proj"
 [241] "Data/fig6/projection/tad_48h_1kb_bins/tad_0241_1kb.proj"
 [242] "Data/fig6/projection/tad_48h_1kb_bins/tad_0242_1kb.proj"
 [243] "Data/fig6/projection/tad_48h_1kb_bins/tad_0243_1kb.proj"
 [244] "Data/fig6/projection/tad_48h_1kb_bins/tad_0244_1kb.proj"
 [245] "Data/fig6/projection/tad_48h_1kb_bins/tad_0245_1kb.proj"
 [246] "Data/fig6/projection/tad_48h_1kb_bins/tad_0246_1kb.proj"
 [247] "Data/fig6/projection/tad_48h_1kb_bins/tad_0247_1kb.proj"
 [248] "Data/fig6/projection/tad_48h_1kb_bins/tad_0248_1kb.proj"
 [249] "Data/fig6/projection/tad_48h_1kb_bins/tad_0249_1kb.proj"
 [250] "Data/fig6/projection/tad_48h_1kb_bins/tad_0250_1kb.proj"
 [251] "Data/fig6/projection/tad_48h_1kb_bins/tad_0251_1kb.proj"
 [252] "Data/fig6/projection/tad_48h_1kb_bins/tad_0252_1kb.proj"
 [253] "Data/fig6/projection/tad_48h_1kb_bins/tad_0253_1kb.proj"
 [254] "Data/fig6/projection/tad_48h_1kb_bins/tad_0254_1kb.proj"
 [255] "Data/fig6/projection/tad_48h_1kb_bins/tad_0255_1kb.proj"
 [256] "Data/fig6/projection/tad_48h_1kb_bins/tad_0256_1kb.proj"
 [257] "Data/fig6/projection/tad_48h_1kb_bins/tad_0257_1kb.proj"
 [258] "Data/fig6/projection/tad_48h_1kb_bins/tad_0258_1kb.proj"
 [259] "Data/fig6/projection/tad_48h_1kb_bins/tad_0259_1kb.proj"
 [260] "Data/fig6/projection/tad_48h_1kb_bins/tad_0260_1kb.proj"
 [261] "Data/fig6/projection/tad_48h_1kb_bins/tad_0261_1kb.proj"
 [262] "Data/fig6/projection/tad_48h_1kb_bins/tad_0262_1kb.proj"
 [263] "Data/fig6/projection/tad_48h_1kb_bins/tad_0263_1kb.proj"
 [264] "Data/fig6/projection/tad_48h_1kb_bins/tad_0264_1kb.proj"
 [265] "Data/fig6/projection/tad_48h_1kb_bins/tad_0265_1kb.proj"
 [266] "Data/fig6/projection/tad_48h_1kb_bins/tad_0266_1kb.proj"
 [267] "Data/fig6/projection/tad_48h_1kb_bins/tad_0267_1kb.proj"
 [268] "Data/fig6/projection/tad_48h_1kb_bins/tad_0268_1kb.proj"
 [269] "Data/fig6/projection/tad_48h_1kb_bins/tad_0269_1kb.proj"
 [270] "Data/fig6/projection/tad_48h_1kb_bins/tad_0270_1kb.proj"
 [271] "Data/fig6/projection/tad_48h_1kb_bins/tad_0271_1kb.proj"
 [272] "Data/fig6/projection/tad_48h_1kb_bins/tad_0272_1kb.proj"
 [273] "Data/fig6/projection/tad_48h_1kb_bins/tad_0273_1kb.proj"
 [274] "Data/fig6/projection/tad_48h_1kb_bins/tad_0274_1kb.proj"
 [275] "Data/fig6/projection/tad_48h_1kb_bins/tad_0275_1kb.proj"
 [276] "Data/fig6/projection/tad_48h_1kb_bins/tad_0276_1kb.proj"
 [277] "Data/fig6/projection/tad_48h_1kb_bins/tad_0277_1kb.proj"
 [278] "Data/fig6/projection/tad_48h_1kb_bins/tad_0278_1kb.proj"
 [279] "Data/fig6/projection/tad_48h_1kb_bins/tad_0279_1kb.proj"
 [280] "Data/fig6/projection/tad_48h_1kb_bins/tad_0280_1kb.proj"
 [281] "Data/fig6/projection/tad_48h_1kb_bins/tad_0281_1kb.proj"
 [282] "Data/fig6/projection/tad_48h_1kb_bins/tad_0282_1kb.proj"
 [283] "Data/fig6/projection/tad_48h_1kb_bins/tad_0283_1kb.proj"
 [284] "Data/fig6/projection/tad_48h_1kb_bins/tad_0284_1kb.proj"
 [285] "Data/fig6/projection/tad_48h_1kb_bins/tad_0285_1kb.proj"
 [286] "Data/fig6/projection/tad_48h_1kb_bins/tad_0286_1kb.proj"
 [287] "Data/fig6/projection/tad_48h_1kb_bins/tad_0287_1kb.proj"
 [288] "Data/fig6/projection/tad_48h_1kb_bins/tad_0288_1kb.proj"
 [289] "Data/fig6/projection/tad_48h_1kb_bins/tad_0289_1kb.proj"
 [290] "Data/fig6/projection/tad_48h_1kb_bins/tad_0290_1kb.proj"
 [291] "Data/fig6/projection/tad_48h_1kb_bins/tad_0291_1kb.proj"
 [292] "Data/fig6/projection/tad_48h_1kb_bins/tad_0292_1kb.proj"
 [293] "Data/fig6/projection/tad_48h_1kb_bins/tad_0293_1kb.proj"
 [294] "Data/fig6/projection/tad_48h_1kb_bins/tad_0294_1kb.proj"
 [295] "Data/fig6/projection/tad_48h_1kb_bins/tad_0295_1kb.proj"
 [296] "Data/fig6/projection/tad_48h_1kb_bins/tad_0296_1kb.proj"
 [297] "Data/fig6/projection/tad_48h_1kb_bins/tad_0297_1kb.proj"
 [298] "Data/fig6/projection/tad_48h_1kb_bins/tad_0298_1kb.proj"
 [299] "Data/fig6/projection/tad_48h_1kb_bins/tad_0299_1kb.proj"
 [300] "Data/fig6/projection/tad_48h_1kb_bins/tad_0300_1kb.proj"
 [301] "Data/fig6/projection/tad_48h_1kb_bins/tad_0301_1kb.proj"
 [302] "Data/fig6/projection/tad_48h_1kb_bins/tad_0302_1kb.proj"
 [303] "Data/fig6/projection/tad_48h_1kb_bins/tad_0303_1kb.proj"
 [304] "Data/fig6/projection/tad_48h_1kb_bins/tad_0304_1kb.proj"
 [305] "Data/fig6/projection/tad_48h_1kb_bins/tad_0305_1kb.proj"
 [306] "Data/fig6/projection/tad_48h_1kb_bins/tad_0306_1kb.proj"
 [307] "Data/fig6/projection/tad_48h_1kb_bins/tad_0307_1kb.proj"
 [308] "Data/fig6/projection/tad_48h_1kb_bins/tad_0308_1kb.proj"
 [309] "Data/fig6/projection/tad_48h_1kb_bins/tad_0309_1kb.proj"
 [310] "Data/fig6/projection/tad_48h_1kb_bins/tad_0310_1kb.proj"
 [311] "Data/fig6/projection/tad_48h_1kb_bins/tad_0311_1kb.proj"
 [312] "Data/fig6/projection/tad_48h_1kb_bins/tad_0312_1kb.proj"
 [313] "Data/fig6/projection/tad_48h_1kb_bins/tad_0313_1kb.proj"
 [314] "Data/fig6/projection/tad_48h_1kb_bins/tad_0314_1kb.proj"
 [315] "Data/fig6/projection/tad_48h_1kb_bins/tad_0315_1kb.proj"
 [316] "Data/fig6/projection/tad_48h_1kb_bins/tad_0316_1kb.proj"
 [317] "Data/fig6/projection/tad_48h_1kb_bins/tad_0317_1kb.proj"
 [318] "Data/fig6/projection/tad_48h_1kb_bins/tad_0318_1kb.proj"
 [319] "Data/fig6/projection/tad_48h_1kb_bins/tad_0319_1kb.proj"
 [320] "Data/fig6/projection/tad_48h_1kb_bins/tad_0320_1kb.proj"
 [321] "Data/fig6/projection/tad_48h_1kb_bins/tad_0321_1kb.proj"
 [322] "Data/fig6/projection/tad_48h_1kb_bins/tad_0322_1kb.proj"
 [323] "Data/fig6/projection/tad_48h_1kb_bins/tad_0323_1kb.proj"
 [324] "Data/fig6/projection/tad_48h_1kb_bins/tad_0324_1kb.proj"
 [325] "Data/fig6/projection/tad_48h_1kb_bins/tad_0325_1kb.proj"
 [326] "Data/fig6/projection/tad_48h_1kb_bins/tad_0326_1kb.proj"
 [327] "Data/fig6/projection/tad_48h_1kb_bins/tad_0327_1kb.proj"
 [328] "Data/fig6/projection/tad_48h_1kb_bins/tad_0328_1kb.proj"
 [329] "Data/fig6/projection/tad_48h_1kb_bins/tad_0329_1kb.proj"
 [330] "Data/fig6/projection/tad_48h_1kb_bins/tad_0330_1kb.proj"
 [331] "Data/fig6/projection/tad_48h_1kb_bins/tad_0331_1kb.proj"
 [332] "Data/fig6/projection/tad_48h_1kb_bins/tad_0332_1kb.proj"
 [333] "Data/fig6/projection/tad_48h_1kb_bins/tad_0333_1kb.proj"
 [334] "Data/fig6/projection/tad_48h_1kb_bins/tad_0334_1kb.proj"
 [335] "Data/fig6/projection/tad_48h_1kb_bins/tad_0335_1kb.proj"
 [336] "Data/fig6/projection/tad_48h_1kb_bins/tad_0336_1kb.proj"
 [337] "Data/fig6/projection/tad_48h_1kb_bins/tad_0337_1kb.proj"
 [338] "Data/fig6/projection/tad_48h_1kb_bins/tad_0338_1kb.proj"
 [339] "Data/fig6/projection/tad_48h_1kb_bins/tad_0339_1kb.proj"
 [340] "Data/fig6/projection/tad_48h_1kb_bins/tad_0340_1kb.proj"
 [341] "Data/fig6/projection/tad_48h_1kb_bins/tad_0341_1kb.proj"
 [342] "Data/fig6/projection/tad_48h_1kb_bins/tad_0342_1kb.proj"
 [343] "Data/fig6/projection/tad_48h_1kb_bins/tad_0343_1kb.proj"
 [344] "Data/fig6/projection/tad_48h_1kb_bins/tad_0344_1kb.proj"
 [345] "Data/fig6/projection/tad_48h_1kb_bins/tad_0345_1kb.proj"
 [346] "Data/fig6/projection/tad_48h_1kb_bins/tad_0346_1kb.proj"
 [347] "Data/fig6/projection/tad_48h_1kb_bins/tad_0347_1kb.proj"
 [348] "Data/fig6/projection/tad_48h_1kb_bins/tad_0348_1kb.proj"
 [349] "Data/fig6/projection/tad_48h_1kb_bins/tad_0349_1kb.proj"
 [350] "Data/fig6/projection/tad_48h_1kb_bins/tad_0350_1kb.proj"
 [351] "Data/fig6/projection/tad_48h_1kb_bins/tad_0351_1kb.proj"
 [352] "Data/fig6/projection/tad_48h_1kb_bins/tad_0352_1kb.proj"
 [353] "Data/fig6/projection/tad_48h_1kb_bins/tad_0353_1kb.proj"
 [354] "Data/fig6/projection/tad_48h_1kb_bins/tad_0354_1kb.proj"
 [355] "Data/fig6/projection/tad_48h_1kb_bins/tad_0355_1kb.proj"
 [356] "Data/fig6/projection/tad_48h_1kb_bins/tad_0356_1kb.proj"
 [357] "Data/fig6/projection/tad_48h_1kb_bins/tad_0357_1kb.proj"
 [358] "Data/fig6/projection/tad_48h_1kb_bins/tad_0358_1kb.proj"
 [359] "Data/fig6/projection/tad_48h_1kb_bins/tad_0359_1kb.proj"
 [360] "Data/fig6/projection/tad_48h_1kb_bins/tad_0360_1kb.proj"
 [361] "Data/fig6/projection/tad_48h_1kb_bins/tad_0361_1kb.proj"
 [362] "Data/fig6/projection/tad_48h_1kb_bins/tad_0362_1kb.proj"
 [363] "Data/fig6/projection/tad_48h_1kb_bins/tad_0363_1kb.proj"
 [364] "Data/fig6/projection/tad_48h_1kb_bins/tad_0364_1kb.proj"
 [365] "Data/fig6/projection/tad_48h_1kb_bins/tad_0365_1kb.proj"
 [366] "Data/fig6/projection/tad_48h_1kb_bins/tad_0366_1kb.proj"
 [367] "Data/fig6/projection/tad_48h_1kb_bins/tad_0367_1kb.proj"
 [368] "Data/fig6/projection/tad_48h_1kb_bins/tad_0368_1kb.proj"
 [369] "Data/fig6/projection/tad_48h_1kb_bins/tad_0369_1kb.proj"
 [370] "Data/fig6/projection/tad_48h_1kb_bins/tad_0370_1kb.proj"
 [371] "Data/fig6/projection/tad_48h_1kb_bins/tad_0371_1kb.proj"
 [372] "Data/fig6/projection/tad_48h_1kb_bins/tad_0372_1kb.proj"
 [373] "Data/fig6/projection/tad_48h_1kb_bins/tad_0373_1kb.proj"
 [374] "Data/fig6/projection/tad_48h_1kb_bins/tad_0374_1kb.proj"
 [375] "Data/fig6/projection/tad_48h_1kb_bins/tad_0375_1kb.proj"
 [376] "Data/fig6/projection/tad_48h_1kb_bins/tad_0376_1kb.proj"
 [377] "Data/fig6/projection/tad_48h_1kb_bins/tad_0377_1kb.proj"
 [378] "Data/fig6/projection/tad_48h_1kb_bins/tad_0378_1kb.proj"
 [379] "Data/fig6/projection/tad_48h_1kb_bins/tad_0379_1kb.proj"
 [380] "Data/fig6/projection/tad_48h_1kb_bins/tad_0380_1kb.proj"
 [381] "Data/fig6/projection/tad_48h_1kb_bins/tad_0381_1kb.proj"
 [382] "Data/fig6/projection/tad_48h_1kb_bins/tad_0382_1kb.proj"
 [383] "Data/fig6/projection/tad_48h_1kb_bins/tad_0383_1kb.proj"
 [384] "Data/fig6/projection/tad_48h_1kb_bins/tad_0384_1kb.proj"
 [385] "Data/fig6/projection/tad_48h_1kb_bins/tad_0385_1kb.proj"
 [386] "Data/fig6/projection/tad_48h_1kb_bins/tad_0386_1kb.proj"
 [387] "Data/fig6/projection/tad_48h_1kb_bins/tad_0387_1kb.proj"
 [388] "Data/fig6/projection/tad_48h_1kb_bins/tad_0388_1kb.proj"
 [389] "Data/fig6/projection/tad_48h_1kb_bins/tad_0389_1kb.proj"
 [390] "Data/fig6/projection/tad_48h_1kb_bins/tad_0390_1kb.proj"
 [391] "Data/fig6/projection/tad_48h_1kb_bins/tad_0391_1kb.proj"
 [392] "Data/fig6/projection/tad_48h_1kb_bins/tad_0392_1kb.proj"
 [393] "Data/fig6/projection/tad_48h_1kb_bins/tad_0393_1kb.proj"
 [394] "Data/fig6/projection/tad_48h_1kb_bins/tad_0394_1kb.proj"
 [395] "Data/fig6/projection/tad_48h_1kb_bins/tad_0395_1kb.proj"
 [396] "Data/fig6/projection/tad_48h_1kb_bins/tad_0396_1kb.proj"
 [397] "Data/fig6/projection/tad_48h_1kb_bins/tad_0397_1kb.proj"
 [398] "Data/fig6/projection/tad_48h_1kb_bins/tad_0398_1kb.proj"
 [399] "Data/fig6/projection/tad_48h_1kb_bins/tad_0399_1kb.proj"
 [400] "Data/fig6/projection/tad_48h_1kb_bins/tad_0400_1kb.proj"
 [401] "Data/fig6/projection/tad_48h_1kb_bins/tad_0401_1kb.proj"
 [402] "Data/fig6/projection/tad_48h_1kb_bins/tad_0402_1kb.proj"
 [403] "Data/fig6/projection/tad_48h_1kb_bins/tad_0403_1kb.proj"
 [404] "Data/fig6/projection/tad_48h_1kb_bins/tad_0404_1kb.proj"
 [405] "Data/fig6/projection/tad_48h_1kb_bins/tad_0405_1kb.proj"
 [406] "Data/fig6/projection/tad_48h_1kb_bins/tad_0406_1kb.proj"
 [407] "Data/fig6/projection/tad_48h_1kb_bins/tad_0407_1kb.proj"
 [408] "Data/fig6/projection/tad_48h_1kb_bins/tad_0408_1kb.proj"
 [409] "Data/fig6/projection/tad_48h_1kb_bins/tad_0409_1kb.proj"
 [410] "Data/fig6/projection/tad_48h_1kb_bins/tad_0410_1kb.proj"
 [411] "Data/fig6/projection/tad_48h_1kb_bins/tad_0411_1kb.proj"
 [412] "Data/fig6/projection/tad_48h_1kb_bins/tad_0412_1kb.proj"
 [413] "Data/fig6/projection/tad_48h_1kb_bins/tad_0413_1kb.proj"
 [414] "Data/fig6/projection/tad_48h_1kb_bins/tad_0414_1kb.proj"
 [415] "Data/fig6/projection/tad_48h_1kb_bins/tad_0415_1kb.proj"
 [416] "Data/fig6/projection/tad_48h_1kb_bins/tad_0416_1kb.proj"
 [417] "Data/fig6/projection/tad_48h_1kb_bins/tad_0417_1kb.proj"
 [418] "Data/fig6/projection/tad_48h_1kb_bins/tad_0418_1kb.proj"
 [419] "Data/fig6/projection/tad_48h_1kb_bins/tad_0419_1kb.proj"
 [420] "Data/fig6/projection/tad_48h_1kb_bins/tad_0420_1kb.proj"
 [421] "Data/fig6/projection/tad_48h_1kb_bins/tad_0421_1kb.proj"
 [422] "Data/fig6/projection/tad_48h_1kb_bins/tad_0422_1kb.proj"
 [423] "Data/fig6/projection/tad_48h_1kb_bins/tad_0423_1kb.proj"
 [424] "Data/fig6/projection/tad_48h_1kb_bins/tad_0424_1kb.proj"
 [425] "Data/fig6/projection/tad_48h_1kb_bins/tad_0425_1kb.proj"
 [426] "Data/fig6/projection/tad_48h_1kb_bins/tad_0426_1kb.proj"
 [427] "Data/fig6/projection/tad_48h_1kb_bins/tad_0427_1kb.proj"
 [428] "Data/fig6/projection/tad_48h_1kb_bins/tad_0428_1kb.proj"
 [429] "Data/fig6/projection/tad_48h_1kb_bins/tad_0429_1kb.proj"
 [430] "Data/fig6/projection/tad_48h_1kb_bins/tad_0430_1kb.proj"
 [431] "Data/fig6/projection/tad_48h_1kb_bins/tad_0431_1kb.proj"
 [432] "Data/fig6/projection/tad_48h_1kb_bins/tad_0432_1kb.proj"
 [433] "Data/fig6/projection/tad_48h_1kb_bins/tad_0433_1kb.proj"
 [434] "Data/fig6/projection/tad_48h_1kb_bins/tad_0434_1kb.proj"
 [435] "Data/fig6/projection/tad_48h_1kb_bins/tad_0435_1kb.proj"
 [436] "Data/fig6/projection/tad_48h_1kb_bins/tad_0436_1kb.proj"
 [437] "Data/fig6/projection/tad_48h_1kb_bins/tad_0437_1kb.proj"
 [438] "Data/fig6/projection/tad_48h_1kb_bins/tad_0438_1kb.proj"
 [439] "Data/fig6/projection/tad_48h_1kb_bins/tad_0439_1kb.proj"
 [440] "Data/fig6/projection/tad_48h_1kb_bins/tad_0440_1kb.proj"
 [441] "Data/fig6/projection/tad_48h_1kb_bins/tad_0441_1kb.proj"
 [442] "Data/fig6/projection/tad_48h_1kb_bins/tad_0442_1kb.proj"
 [443] "Data/fig6/projection/tad_48h_1kb_bins/tad_0443_1kb.proj"
 [444] "Data/fig6/projection/tad_48h_1kb_bins/tad_0444_1kb.proj"
 [445] "Data/fig6/projection/tad_48h_1kb_bins/tad_0445_1kb.proj"
 [446] "Data/fig6/projection/tad_48h_1kb_bins/tad_0446_1kb.proj"
 [447] "Data/fig6/projection/tad_48h_1kb_bins/tad_0447_1kb.proj"
 [448] "Data/fig6/projection/tad_48h_1kb_bins/tad_0448_1kb.proj"
 [449] "Data/fig6/projection/tad_48h_1kb_bins/tad_0449_1kb.proj"
 [450] "Data/fig6/projection/tad_48h_1kb_bins/tad_0450_1kb.proj"
 [451] "Data/fig6/projection/tad_48h_1kb_bins/tad_0451_1kb.proj"
 [452] "Data/fig6/projection/tad_48h_1kb_bins/tad_0452_1kb.proj"
 [453] "Data/fig6/projection/tad_48h_1kb_bins/tad_0453_1kb.proj"
 [454] "Data/fig6/projection/tad_48h_1kb_bins/tad_0454_1kb.proj"
 [455] "Data/fig6/projection/tad_48h_1kb_bins/tad_0455_1kb.proj"
 [456] "Data/fig6/projection/tad_48h_1kb_bins/tad_0456_1kb.proj"
 [457] "Data/fig6/projection/tad_48h_1kb_bins/tad_0457_1kb.proj"
 [458] "Data/fig6/projection/tad_48h_1kb_bins/tad_0458_1kb.proj"
 [459] "Data/fig6/projection/tad_48h_1kb_bins/tad_0459_1kb.proj"
 [460] "Data/fig6/projection/tad_48h_1kb_bins/tad_0460_1kb.proj"
 [461] "Data/fig6/projection/tad_48h_1kb_bins/tad_0461_1kb.proj"
 [462] "Data/fig6/projection/tad_48h_1kb_bins/tad_0462_1kb.proj"
 [463] "Data/fig6/projection/tad_48h_1kb_bins/tad_0463_1kb.proj"
 [464] "Data/fig6/projection/tad_48h_1kb_bins/tad_0464_1kb.proj"
 [465] "Data/fig6/projection/tad_48h_1kb_bins/tad_0465_1kb.proj"
 [466] "Data/fig6/projection/tad_48h_1kb_bins/tad_0466_1kb.proj"
 [467] "Data/fig6/projection/tad_48h_1kb_bins/tad_0467_1kb.proj"
 [468] "Data/fig6/projection/tad_48h_1kb_bins/tad_0468_1kb.proj"
 [469] "Data/fig6/projection/tad_48h_1kb_bins/tad_0469_1kb.proj"
 [470] "Data/fig6/projection/tad_48h_1kb_bins/tad_0470_1kb.proj"
 [471] "Data/fig6/projection/tad_48h_1kb_bins/tad_0471_1kb.proj"
 [472] "Data/fig6/projection/tad_48h_1kb_bins/tad_0472_1kb.proj"
 [473] "Data/fig6/projection/tad_48h_1kb_bins/tad_0473_1kb.proj"
 [474] "Data/fig6/projection/tad_48h_1kb_bins/tad_0474_1kb.proj"
 [475] "Data/fig6/projection/tad_48h_1kb_bins/tad_0475_1kb.proj"
 [476] "Data/fig6/projection/tad_48h_1kb_bins/tad_0476_1kb.proj"
 [477] "Data/fig6/projection/tad_48h_1kb_bins/tad_0477_1kb.proj"
 [478] "Data/fig6/projection/tad_48h_1kb_bins/tad_0478_1kb.proj"
 [479] "Data/fig6/projection/tad_48h_1kb_bins/tad_0479_1kb.proj"
 [480] "Data/fig6/projection/tad_48h_1kb_bins/tad_0480_1kb.proj"
 [481] "Data/fig6/projection/tad_48h_1kb_bins/tad_0481_1kb.proj"
 [482] "Data/fig6/projection/tad_48h_1kb_bins/tad_0482_1kb.proj"
 [483] "Data/fig6/projection/tad_48h_1kb_bins/tad_0483_1kb.proj"
 [484] "Data/fig6/projection/tad_48h_1kb_bins/tad_0484_1kb.proj"
 [485] "Data/fig6/projection/tad_48h_1kb_bins/tad_0485_1kb.proj"
 [486] "Data/fig6/projection/tad_48h_1kb_bins/tad_0486_1kb.proj"
 [487] "Data/fig6/projection/tad_48h_1kb_bins/tad_0487_1kb.proj"
 [488] "Data/fig6/projection/tad_48h_1kb_bins/tad_0488_1kb.proj"
 [489] "Data/fig6/projection/tad_48h_1kb_bins/tad_0489_1kb.proj"
 [490] "Data/fig6/projection/tad_48h_1kb_bins/tad_0490_1kb.proj"
 [491] "Data/fig6/projection/tad_48h_1kb_bins/tad_0491_1kb.proj"
 [492] "Data/fig6/projection/tad_48h_1kb_bins/tad_0492_1kb.proj"
 [493] "Data/fig6/projection/tad_48h_1kb_bins/tad_0493_1kb.proj"
 [494] "Data/fig6/projection/tad_48h_1kb_bins/tad_0494_1kb.proj"
 [495] "Data/fig6/projection/tad_48h_1kb_bins/tad_0495_1kb.proj"
 [496] "Data/fig6/projection/tad_48h_1kb_bins/tad_0496_1kb.proj"
 [497] "Data/fig6/projection/tad_48h_1kb_bins/tad_0497_1kb.proj"
 [498] "Data/fig6/projection/tad_48h_1kb_bins/tad_0498_1kb.proj"
 [499] "Data/fig6/projection/tad_48h_1kb_bins/tad_0499_1kb.proj"
 [500] "Data/fig6/projection/tad_48h_1kb_bins/tad_0500_1kb.proj"
 [501] "Data/fig6/projection/tad_48h_1kb_bins/tad_0501_1kb.proj"
 [502] "Data/fig6/projection/tad_48h_1kb_bins/tad_0502_1kb.proj"
 [503] "Data/fig6/projection/tad_48h_1kb_bins/tad_0503_1kb.proj"
 [504] "Data/fig6/projection/tad_48h_1kb_bins/tad_0504_1kb.proj"
 [505] "Data/fig6/projection/tad_48h_1kb_bins/tad_0505_1kb.proj"
 [506] "Data/fig6/projection/tad_48h_1kb_bins/tad_0506_1kb.proj"
 [507] "Data/fig6/projection/tad_48h_1kb_bins/tad_0507_1kb.proj"
 [508] "Data/fig6/projection/tad_48h_1kb_bins/tad_0508_1kb.proj"
 [509] "Data/fig6/projection/tad_48h_1kb_bins/tad_0509_1kb.proj"
 [510] "Data/fig6/projection/tad_48h_1kb_bins/tad_0510_1kb.proj"
 [511] "Data/fig6/projection/tad_48h_1kb_bins/tad_0511_1kb.proj"
 [512] "Data/fig6/projection/tad_48h_1kb_bins/tad_0512_1kb.proj"
 [513] "Data/fig6/projection/tad_48h_1kb_bins/tad_0513_1kb.proj"
 [514] "Data/fig6/projection/tad_48h_1kb_bins/tad_0514_1kb.proj"
 [515] "Data/fig6/projection/tad_48h_1kb_bins/tad_0515_1kb.proj"
 [516] "Data/fig6/projection/tad_48h_1kb_bins/tad_0516_1kb.proj"
 [517] "Data/fig6/projection/tad_48h_1kb_bins/tad_0517_1kb.proj"
 [518] "Data/fig6/projection/tad_48h_1kb_bins/tad_0518_1kb.proj"
 [519] "Data/fig6/projection/tad_48h_1kb_bins/tad_0519_1kb.proj"
 [520] "Data/fig6/projection/tad_48h_1kb_bins/tad_0520_1kb.proj"
 [521] "Data/fig6/projection/tad_48h_1kb_bins/tad_0521_1kb.proj"
 [522] "Data/fig6/projection/tad_48h_1kb_bins/tad_0522_1kb.proj"
 [523] "Data/fig6/projection/tad_48h_1kb_bins/tad_0523_1kb.proj"
 [524] "Data/fig6/projection/tad_48h_1kb_bins/tad_0524_1kb.proj"
 [525] "Data/fig6/projection/tad_48h_1kb_bins/tad_0525_1kb.proj"
 [526] "Data/fig6/projection/tad_48h_1kb_bins/tad_0526_1kb.proj"
 [527] "Data/fig6/projection/tad_48h_1kb_bins/tad_0527_1kb.proj"
 [528] "Data/fig6/projection/tad_48h_1kb_bins/tad_0528_1kb.proj"
 [529] "Data/fig6/projection/tad_48h_1kb_bins/tad_0529_1kb.proj"
 [530] "Data/fig6/projection/tad_48h_1kb_bins/tad_0530_1kb.proj"
 [531] "Data/fig6/projection/tad_48h_1kb_bins/tad_0531_1kb.proj"
 [532] "Data/fig6/projection/tad_48h_1kb_bins/tad_0532_1kb.proj"
 [533] "Data/fig6/projection/tad_48h_1kb_bins/tad_0533_1kb.proj"
 [534] "Data/fig6/projection/tad_48h_1kb_bins/tad_0534_1kb.proj"
 [535] "Data/fig6/projection/tad_48h_1kb_bins/tad_0535_1kb.proj"
 [536] "Data/fig6/projection/tad_48h_1kb_bins/tad_0536_1kb.proj"
 [537] "Data/fig6/projection/tad_48h_1kb_bins/tad_0537_1kb.proj"
 [538] "Data/fig6/projection/tad_48h_1kb_bins/tad_0538_1kb.proj"
 [539] "Data/fig6/projection/tad_48h_1kb_bins/tad_0539_1kb.proj"
 [540] "Data/fig6/projection/tad_48h_1kb_bins/tad_0540_1kb.proj"
 [541] "Data/fig6/projection/tad_48h_1kb_bins/tad_0541_1kb.proj"
 [542] "Data/fig6/projection/tad_48h_1kb_bins/tad_0542_1kb.proj"
 [543] "Data/fig6/projection/tad_48h_1kb_bins/tad_0543_1kb.proj"
 [544] "Data/fig6/projection/tad_48h_1kb_bins/tad_0544_1kb.proj"
 [545] "Data/fig6/projection/tad_48h_1kb_bins/tad_0545_1kb.proj"
 [546] "Data/fig6/projection/tad_48h_1kb_bins/tad_0546_1kb.proj"
 [547] "Data/fig6/projection/tad_48h_1kb_bins/tad_0547_1kb.proj"
 [548] "Data/fig6/projection/tad_48h_1kb_bins/tad_0548_1kb.proj"
 [549] "Data/fig6/projection/tad_48h_1kb_bins/tad_0549_1kb.proj"
 [550] "Data/fig6/projection/tad_48h_1kb_bins/tad_0550_1kb.proj"
 [551] "Data/fig6/projection/tad_48h_1kb_bins/tad_0551_1kb.proj"
 [552] "Data/fig6/projection/tad_48h_1kb_bins/tad_0552_1kb.proj"
 [553] "Data/fig6/projection/tad_48h_1kb_bins/tad_0553_1kb.proj"
 [554] "Data/fig6/projection/tad_48h_1kb_bins/tad_0554_1kb.proj"
 [555] "Data/fig6/projection/tad_48h_1kb_bins/tad_0555_1kb.proj"
 [556] "Data/fig6/projection/tad_48h_1kb_bins/tad_0556_1kb.proj"
 [557] "Data/fig6/projection/tad_48h_1kb_bins/tad_0557_1kb.proj"
 [558] "Data/fig6/projection/tad_48h_1kb_bins/tad_0558_1kb.proj"
 [559] "Data/fig6/projection/tad_48h_1kb_bins/tad_0559_1kb.proj"
 [560] "Data/fig6/projection/tad_48h_1kb_bins/tad_0560_1kb.proj"
 [561] "Data/fig6/projection/tad_48h_1kb_bins/tad_0561_1kb.proj"
 [562] "Data/fig6/projection/tad_48h_1kb_bins/tad_0562_1kb.proj"
 [563] "Data/fig6/projection/tad_48h_1kb_bins/tad_0563_1kb.proj"
 [564] "Data/fig6/projection/tad_48h_1kb_bins/tad_0564_1kb.proj"
 [565] "Data/fig6/projection/tad_48h_1kb_bins/tad_0565_1kb.proj"
 [566] "Data/fig6/projection/tad_48h_1kb_bins/tad_0566_1kb.proj"
 [567] "Data/fig6/projection/tad_48h_1kb_bins/tad_0567_1kb.proj"
 [568] "Data/fig6/projection/tad_48h_1kb_bins/tad_0568_1kb.proj"
 [569] "Data/fig6/projection/tad_48h_1kb_bins/tad_0569_1kb.proj"
 [570] "Data/fig6/projection/tad_48h_1kb_bins/tad_0570_1kb.proj"
 [571] "Data/fig6/projection/tad_48h_1kb_bins/tad_0571_1kb.proj"
 [572] "Data/fig6/projection/tad_48h_1kb_bins/tad_0572_1kb.proj"
 [573] "Data/fig6/projection/tad_48h_1kb_bins/tad_0573_1kb.proj"
 [574] "Data/fig6/projection/tad_48h_1kb_bins/tad_0574_1kb.proj"
 [575] "Data/fig6/projection/tad_48h_1kb_bins/tad_0575_1kb.proj"
 [576] "Data/fig6/projection/tad_48h_1kb_bins/tad_0576_1kb.proj"
 [577] "Data/fig6/projection/tad_48h_1kb_bins/tad_0577_1kb.proj"
 [578] "Data/fig6/projection/tad_48h_1kb_bins/tad_0578_1kb.proj"
 [579] "Data/fig6/projection/tad_48h_1kb_bins/tad_0579_1kb.proj"
 [580] "Data/fig6/projection/tad_48h_1kb_bins/tad_0580_1kb.proj"
 [581] "Data/fig6/projection/tad_48h_1kb_bins/tad_0581_1kb.proj"
 [582] "Data/fig6/projection/tad_48h_1kb_bins/tad_0582_1kb.proj"
 [583] "Data/fig6/projection/tad_48h_1kb_bins/tad_0583_1kb.proj"
 [584] "Data/fig6/projection/tad_48h_1kb_bins/tad_0584_1kb.proj"
 [585] "Data/fig6/projection/tad_48h_1kb_bins/tad_0585_1kb.proj"
 [586] "Data/fig6/projection/tad_48h_1kb_bins/tad_0586_1kb.proj"
 [587] "Data/fig6/projection/tad_48h_1kb_bins/tad_0587_1kb.proj"
 [588] "Data/fig6/projection/tad_48h_1kb_bins/tad_0588_1kb.proj"
 [589] "Data/fig6/projection/tad_48h_1kb_bins/tad_0589_1kb.proj"
 [590] "Data/fig6/projection/tad_48h_1kb_bins/tad_0590_1kb.proj"
 [591] "Data/fig6/projection/tad_48h_1kb_bins/tad_0591_1kb.proj"
 [592] "Data/fig6/projection/tad_48h_1kb_bins/tad_0592_1kb.proj"
 [593] "Data/fig6/projection/tad_48h_1kb_bins/tad_0593_1kb.proj"
 [594] "Data/fig6/projection/tad_48h_1kb_bins/tad_0594_1kb.proj"
 [595] "Data/fig6/projection/tad_48h_1kb_bins/tad_0595_1kb.proj"
 [596] "Data/fig6/projection/tad_48h_1kb_bins/tad_0596_1kb.proj"
 [597] "Data/fig6/projection/tad_48h_1kb_bins/tad_0597_1kb.proj"
 [598] "Data/fig6/projection/tad_48h_1kb_bins/tad_0598_1kb.proj"
 [599] "Data/fig6/projection/tad_48h_1kb_bins/tad_0599_1kb.proj"
 [600] "Data/fig6/projection/tad_48h_1kb_bins/tad_0600_1kb.proj"
 [601] "Data/fig6/projection/tad_48h_1kb_bins/tad_0601_1kb.proj"
 [602] "Data/fig6/projection/tad_48h_1kb_bins/tad_0602_1kb.proj"
 [603] "Data/fig6/projection/tad_48h_1kb_bins/tad_0603_1kb.proj"
 [604] "Data/fig6/projection/tad_48h_1kb_bins/tad_0604_1kb.proj"
 [605] "Data/fig6/projection/tad_48h_1kb_bins/tad_0605_1kb.proj"
 [606] "Data/fig6/projection/tad_48h_1kb_bins/tad_0606_1kb.proj"
 [607] "Data/fig6/projection/tad_48h_1kb_bins/tad_0607_1kb.proj"
 [608] "Data/fig6/projection/tad_48h_1kb_bins/tad_0608_1kb.proj"
 [609] "Data/fig6/projection/tad_48h_1kb_bins/tad_0609_1kb.proj"
 [610] "Data/fig6/projection/tad_48h_1kb_bins/tad_0610_1kb.proj"
 [611] "Data/fig6/projection/tad_48h_1kb_bins/tad_0611_1kb.proj"
 [612] "Data/fig6/projection/tad_48h_1kb_bins/tad_0612_1kb.proj"
 [613] "Data/fig6/projection/tad_48h_1kb_bins/tad_0613_1kb.proj"
 [614] "Data/fig6/projection/tad_48h_1kb_bins/tad_0614_1kb.proj"
 [615] "Data/fig6/projection/tad_48h_1kb_bins/tad_0615_1kb.proj"
 [616] "Data/fig6/projection/tad_48h_1kb_bins/tad_0616_1kb.proj"
 [617] "Data/fig6/projection/tad_48h_1kb_bins/tad_0617_1kb.proj"
 [618] "Data/fig6/projection/tad_48h_1kb_bins/tad_0618_1kb.proj"
 [619] "Data/fig6/projection/tad_48h_1kb_bins/tad_0619_1kb.proj"
 [620] "Data/fig6/projection/tad_48h_1kb_bins/tad_0620_1kb.proj"
 [621] "Data/fig6/projection/tad_48h_1kb_bins/tad_0621_1kb.proj"
 [622] "Data/fig6/projection/tad_48h_1kb_bins/tad_0622_1kb.proj"
 [623] "Data/fig6/projection/tad_48h_1kb_bins/tad_0623_1kb.proj"
 [624] "Data/fig6/projection/tad_48h_1kb_bins/tad_0624_1kb.proj"
 [625] "Data/fig6/projection/tad_48h_1kb_bins/tad_0625_1kb.proj"
 [626] "Data/fig6/projection/tad_48h_1kb_bins/tad_0626_1kb.proj"
 [627] "Data/fig6/projection/tad_48h_1kb_bins/tad_0627_1kb.proj"
 [628] "Data/fig6/projection/tad_48h_1kb_bins/tad_0628_1kb.proj"
 [629] "Data/fig6/projection/tad_48h_1kb_bins/tad_0629_1kb.proj"
 [630] "Data/fig6/projection/tad_48h_1kb_bins/tad_0630_1kb.proj"
 [631] "Data/fig6/projection/tad_48h_1kb_bins/tad_0631_1kb.proj"
 [632] "Data/fig6/projection/tad_48h_1kb_bins/tad_0632_1kb.proj"
 [633] "Data/fig6/projection/tad_48h_1kb_bins/tad_0633_1kb.proj"
 [634] "Data/fig6/projection/tad_48h_1kb_bins/tad_0634_1kb.proj"
 [635] "Data/fig6/projection/tad_48h_1kb_bins/tad_0635_1kb.proj"
 [636] "Data/fig6/projection/tad_48h_1kb_bins/tad_0636_1kb.proj"
 [637] "Data/fig6/projection/tad_48h_1kb_bins/tad_0637_1kb.proj"
 [638] "Data/fig6/projection/tad_48h_1kb_bins/tad_0638_1kb.proj"
 [639] "Data/fig6/projection/tad_48h_1kb_bins/tad_0639_1kb.proj"
 [640] "Data/fig6/projection/tad_48h_1kb_bins/tad_0640_1kb.proj"
 [641] "Data/fig6/projection/tad_48h_1kb_bins/tad_0641_1kb.proj"
 [642] "Data/fig6/projection/tad_48h_1kb_bins/tad_0642_1kb.proj"
 [643] "Data/fig6/projection/tad_48h_1kb_bins/tad_0643_1kb.proj"
 [644] "Data/fig6/projection/tad_48h_1kb_bins/tad_0644_1kb.proj"
 [645] "Data/fig6/projection/tad_48h_1kb_bins/tad_0645_1kb.proj"
 [646] "Data/fig6/projection/tad_48h_1kb_bins/tad_0646_1kb.proj"
 [647] "Data/fig6/projection/tad_48h_1kb_bins/tad_0647_1kb.proj"
 [648] "Data/fig6/projection/tad_48h_1kb_bins/tad_0648_1kb.proj"
 [649] "Data/fig6/projection/tad_48h_1kb_bins/tad_0649_1kb.proj"
 [650] "Data/fig6/projection/tad_48h_1kb_bins/tad_0650_1kb.proj"
 [651] "Data/fig6/projection/tad_48h_1kb_bins/tad_0651_1kb.proj"
 [652] "Data/fig6/projection/tad_48h_1kb_bins/tad_0652_1kb.proj"
 [653] "Data/fig6/projection/tad_48h_1kb_bins/tad_0653_1kb.proj"
 [654] "Data/fig6/projection/tad_48h_1kb_bins/tad_0654_1kb.proj"
 [655] "Data/fig6/projection/tad_48h_1kb_bins/tad_0655_1kb.proj"
 [656] "Data/fig6/projection/tad_48h_1kb_bins/tad_0656_1kb.proj"
 [657] "Data/fig6/projection/tad_48h_1kb_bins/tad_0657_1kb.proj"
 [658] "Data/fig6/projection/tad_48h_1kb_bins/tad_0658_1kb.proj"
 [659] "Data/fig6/projection/tad_48h_1kb_bins/tad_0659_1kb.proj"
 [660] "Data/fig6/projection/tad_48h_1kb_bins/tad_0660_1kb.proj"
 [661] "Data/fig6/projection/tad_48h_1kb_bins/tad_0661_1kb.proj"
 [662] "Data/fig6/projection/tad_48h_1kb_bins/tad_0662_1kb.proj"
 [663] "Data/fig6/projection/tad_48h_1kb_bins/tad_0663_1kb.proj"
 [664] "Data/fig6/projection/tad_48h_1kb_bins/tad_0664_1kb.proj"
 [665] "Data/fig6/projection/tad_48h_1kb_bins/tad_0665_1kb.proj"
 [666] "Data/fig6/projection/tad_48h_1kb_bins/tad_0666_1kb.proj"
 [667] "Data/fig6/projection/tad_48h_1kb_bins/tad_0667_1kb.proj"
 [668] "Data/fig6/projection/tad_48h_1kb_bins/tad_0668_1kb.proj"
 [669] "Data/fig6/projection/tad_48h_1kb_bins/tad_0669_1kb.proj"
 [670] "Data/fig6/projection/tad_48h_1kb_bins/tad_0670_1kb.proj"
 [671] "Data/fig6/projection/tad_48h_1kb_bins/tad_0671_1kb.proj"
 [672] "Data/fig6/projection/tad_48h_1kb_bins/tad_0672_1kb.proj"
 [673] "Data/fig6/projection/tad_48h_1kb_bins/tad_0673_1kb.proj"
 [674] "Data/fig6/projection/tad_48h_1kb_bins/tad_0674_1kb.proj"
 [675] "Data/fig6/projection/tad_48h_1kb_bins/tad_0675_1kb.proj"
 [676] "Data/fig6/projection/tad_48h_1kb_bins/tad_0676_1kb.proj"
 [677] "Data/fig6/projection/tad_48h_1kb_bins/tad_0677_1kb.proj"
 [678] "Data/fig6/projection/tad_48h_1kb_bins/tad_0678_1kb.proj"
 [679] "Data/fig6/projection/tad_48h_1kb_bins/tad_0679_1kb.proj"
 [680] "Data/fig6/projection/tad_48h_1kb_bins/tad_0680_1kb.proj"
 [681] "Data/fig6/projection/tad_48h_1kb_bins/tad_0681_1kb.proj"
 [682] "Data/fig6/projection/tad_48h_1kb_bins/tad_0682_1kb.proj"
 [683] "Data/fig6/projection/tad_48h_1kb_bins/tad_0683_1kb.proj"
 [684] "Data/fig6/projection/tad_48h_1kb_bins/tad_0684_1kb.proj"
 [685] "Data/fig6/projection/tad_48h_1kb_bins/tad_0685_1kb.proj"
 [686] "Data/fig6/projection/tad_48h_1kb_bins/tad_0686_1kb.proj"
 [687] "Data/fig6/projection/tad_48h_1kb_bins/tad_0687_1kb.proj"
 [688] "Data/fig6/projection/tad_48h_1kb_bins/tad_0688_1kb.proj"
 [689] "Data/fig6/projection/tad_48h_1kb_bins/tad_0689_1kb.proj"
 [690] "Data/fig6/projection/tad_48h_1kb_bins/tad_0690_1kb.proj"
 [691] "Data/fig6/projection/tad_48h_1kb_bins/tad_0691_1kb.proj"
 [692] "Data/fig6/projection/tad_48h_1kb_bins/tad_0692_1kb.proj"
 [693] "Data/fig6/projection/tad_48h_1kb_bins/tad_0693_1kb.proj"
 [694] "Data/fig6/projection/tad_48h_1kb_bins/tad_0694_1kb.proj"
 [695] "Data/fig6/projection/tad_48h_1kb_bins/tad_0695_1kb.proj"
 [696] "Data/fig6/projection/tad_48h_1kb_bins/tad_0696_1kb.proj"
 [697] "Data/fig6/projection/tad_48h_1kb_bins/tad_0697_1kb.proj"
 [698] "Data/fig6/projection/tad_48h_1kb_bins/tad_0698_1kb.proj"
 [699] "Data/fig6/projection/tad_48h_1kb_bins/tad_0699_1kb.proj"
 [700] "Data/fig6/projection/tad_48h_1kb_bins/tad_0700_1kb.proj"
 [701] "Data/fig6/projection/tad_48h_1kb_bins/tad_0701_1kb.proj"
 [702] "Data/fig6/projection/tad_48h_1kb_bins/tad_0702_1kb.proj"
 [703] "Data/fig6/projection/tad_48h_1kb_bins/tad_0703_1kb.proj"
 [704] "Data/fig6/projection/tad_48h_1kb_bins/tad_0704_1kb.proj"
 [705] "Data/fig6/projection/tad_48h_1kb_bins/tad_0705_1kb.proj"
 [706] "Data/fig6/projection/tad_48h_1kb_bins/tad_0706_1kb.proj"
 [707] "Data/fig6/projection/tad_48h_1kb_bins/tad_0707_1kb.proj"
 [708] "Data/fig6/projection/tad_48h_1kb_bins/tad_0708_1kb.proj"
 [709] "Data/fig6/projection/tad_48h_1kb_bins/tad_0709_1kb.proj"
 [710] "Data/fig6/projection/tad_48h_1kb_bins/tad_0710_1kb.proj"
 [711] "Data/fig6/projection/tad_48h_1kb_bins/tad_0711_1kb.proj"
 [712] "Data/fig6/projection/tad_48h_1kb_bins/tad_0712_1kb.proj"
 [713] "Data/fig6/projection/tad_48h_1kb_bins/tad_0713_1kb.proj"
 [714] "Data/fig6/projection/tad_48h_1kb_bins/tad_0714_1kb.proj"
 [715] "Data/fig6/projection/tad_48h_1kb_bins/tad_0715_1kb.proj"
 [716] "Data/fig6/projection/tad_48h_1kb_bins/tad_0716_1kb.proj"
 [717] "Data/fig6/projection/tad_48h_1kb_bins/tad_0717_1kb.proj"
 [718] "Data/fig6/projection/tad_48h_1kb_bins/tad_0718_1kb.proj"
 [719] "Data/fig6/projection/tad_48h_1kb_bins/tad_0719_1kb.proj"
 [720] "Data/fig6/projection/tad_48h_1kb_bins/tad_0720_1kb.proj"
 [721] "Data/fig6/projection/tad_48h_1kb_bins/tad_0721_1kb.proj"
 [722] "Data/fig6/projection/tad_48h_1kb_bins/tad_0722_1kb.proj"
 [723] "Data/fig6/projection/tad_48h_1kb_bins/tad_0723_1kb.proj"
 [724] "Data/fig6/projection/tad_48h_1kb_bins/tad_0724_1kb.proj"
 [725] "Data/fig6/projection/tad_48h_1kb_bins/tad_0725_1kb.proj"
 [726] "Data/fig6/projection/tad_48h_1kb_bins/tad_0726_1kb.proj"
 [727] "Data/fig6/projection/tad_48h_1kb_bins/tad_0727_1kb.proj"
 [728] "Data/fig6/projection/tad_48h_1kb_bins/tad_0728_1kb.proj"
 [729] "Data/fig6/projection/tad_48h_1kb_bins/tad_0729_1kb.proj"
 [730] "Data/fig6/projection/tad_48h_1kb_bins/tad_0730_1kb.proj"
 [731] "Data/fig6/projection/tad_48h_1kb_bins/tad_0731_1kb.proj"
 [732] "Data/fig6/projection/tad_48h_1kb_bins/tad_0732_1kb.proj"
 [733] "Data/fig6/projection/tad_48h_1kb_bins/tad_0733_1kb.proj"
 [734] "Data/fig6/projection/tad_48h_1kb_bins/tad_0734_1kb.proj"
 [735] "Data/fig6/projection/tad_48h_1kb_bins/tad_0735_1kb.proj"
 [736] "Data/fig6/projection/tad_48h_1kb_bins/tad_0736_1kb.proj"
 [737] "Data/fig6/projection/tad_48h_1kb_bins/tad_0737_1kb.proj"
 [738] "Data/fig6/projection/tad_48h_1kb_bins/tad_0738_1kb.proj"
 [739] "Data/fig6/projection/tad_48h_1kb_bins/tad_0739_1kb.proj"
 [740] "Data/fig6/projection/tad_48h_1kb_bins/tad_0740_1kb.proj"
 [741] "Data/fig6/projection/tad_48h_1kb_bins/tad_0741_1kb.proj"
 [742] "Data/fig6/projection/tad_48h_1kb_bins/tad_0742_1kb.proj"
 [743] "Data/fig6/projection/tad_48h_1kb_bins/tad_0743_1kb.proj"
 [744] "Data/fig6/projection/tad_48h_1kb_bins/tad_0744_1kb.proj"
 [745] "Data/fig6/projection/tad_48h_1kb_bins/tad_0745_1kb.proj"
 [746] "Data/fig6/projection/tad_48h_1kb_bins/tad_0746_1kb.proj"
 [747] "Data/fig6/projection/tad_48h_1kb_bins/tad_0747_1kb.proj"
 [748] "Data/fig6/projection/tad_48h_1kb_bins/tad_0748_1kb.proj"
 [749] "Data/fig6/projection/tad_48h_1kb_bins/tad_0749_1kb.proj"
 [750] "Data/fig6/projection/tad_48h_1kb_bins/tad_0750_1kb.proj"
 [751] "Data/fig6/projection/tad_48h_1kb_bins/tad_0751_1kb.proj"
 [752] "Data/fig6/projection/tad_48h_1kb_bins/tad_0752_1kb.proj"
 [753] "Data/fig6/projection/tad_48h_1kb_bins/tad_0753_1kb.proj"
 [754] "Data/fig6/projection/tad_48h_1kb_bins/tad_0754_1kb.proj"
 [755] "Data/fig6/projection/tad_48h_1kb_bins/tad_0755_1kb.proj"
 [756] "Data/fig6/projection/tad_48h_1kb_bins/tad_0756_1kb.proj"
 [757] "Data/fig6/projection/tad_48h_1kb_bins/tad_0757_1kb.proj"
 [758] "Data/fig6/projection/tad_48h_1kb_bins/tad_0758_1kb.proj"
 [759] "Data/fig6/projection/tad_48h_1kb_bins/tad_0759_1kb.proj"
 [760] "Data/fig6/projection/tad_48h_1kb_bins/tad_0760_1kb.proj"
 [761] "Data/fig6/projection/tad_48h_1kb_bins/tad_0761_1kb.proj"
 [762] "Data/fig6/projection/tad_48h_1kb_bins/tad_0762_1kb.proj"
 [763] "Data/fig6/projection/tad_48h_1kb_bins/tad_0763_1kb.proj"
 [764] "Data/fig6/projection/tad_48h_1kb_bins/tad_0764_1kb.proj"
 [765] "Data/fig6/projection/tad_48h_1kb_bins/tad_0765_1kb.proj"
 [766] "Data/fig6/projection/tad_48h_1kb_bins/tad_0766_1kb.proj"
 [767] "Data/fig6/projection/tad_48h_1kb_bins/tad_0767_1kb.proj"
 [768] "Data/fig6/projection/tad_48h_1kb_bins/tad_0768_1kb.proj"
 [769] "Data/fig6/projection/tad_48h_1kb_bins/tad_0769_1kb.proj"
 [770] "Data/fig6/projection/tad_48h_1kb_bins/tad_0770_1kb.proj"
 [771] "Data/fig6/projection/tad_48h_1kb_bins/tad_0771_1kb.proj"
 [772] "Data/fig6/projection/tad_48h_1kb_bins/tad_0772_1kb.proj"
 [773] "Data/fig6/projection/tad_48h_1kb_bins/tad_0773_1kb.proj"
 [774] "Data/fig6/projection/tad_48h_1kb_bins/tad_0774_1kb.proj"
 [775] "Data/fig6/projection/tad_48h_1kb_bins/tad_0775_1kb.proj"
 [776] "Data/fig6/projection/tad_48h_1kb_bins/tad_0776_1kb.proj"
 [777] "Data/fig6/projection/tad_48h_1kb_bins/tad_0777_1kb.proj"
 [778] "Data/fig6/projection/tad_48h_1kb_bins/tad_0778_1kb.proj"
 [779] "Data/fig6/projection/tad_48h_1kb_bins/tad_0779_1kb.proj"
 [780] "Data/fig6/projection/tad_48h_1kb_bins/tad_0780_1kb.proj"
 [781] "Data/fig6/projection/tad_48h_1kb_bins/tad_0781_1kb.proj"
 [782] "Data/fig6/projection/tad_48h_1kb_bins/tad_0782_1kb.proj"
 [783] "Data/fig6/projection/tad_48h_1kb_bins/tad_0783_1kb.proj"
 [784] "Data/fig6/projection/tad_48h_1kb_bins/tad_0784_1kb.proj"
 [785] "Data/fig6/projection/tad_48h_1kb_bins/tad_0785_1kb.proj"
 [786] "Data/fig6/projection/tad_48h_1kb_bins/tad_0786_1kb.proj"
 [787] "Data/fig6/projection/tad_48h_1kb_bins/tad_0787_1kb.proj"
 [788] "Data/fig6/projection/tad_48h_1kb_bins/tad_0788_1kb.proj"
 [789] "Data/fig6/projection/tad_48h_1kb_bins/tad_0789_1kb.proj"
 [790] "Data/fig6/projection/tad_48h_1kb_bins/tad_0790_1kb.proj"
 [791] "Data/fig6/projection/tad_48h_1kb_bins/tad_0791_1kb.proj"
 [792] "Data/fig6/projection/tad_48h_1kb_bins/tad_0792_1kb.proj"
 [793] "Data/fig6/projection/tad_48h_1kb_bins/tad_0793_1kb.proj"
 [794] "Data/fig6/projection/tad_48h_1kb_bins/tad_0794_1kb.proj"
 [795] "Data/fig6/projection/tad_48h_1kb_bins/tad_0795_1kb.proj"
 [796] "Data/fig6/projection/tad_48h_1kb_bins/tad_0796_1kb.proj"
 [797] "Data/fig6/projection/tad_48h_1kb_bins/tad_0797_1kb.proj"
 [798] "Data/fig6/projection/tad_48h_1kb_bins/tad_0798_1kb.proj"
 [799] "Data/fig6/projection/tad_48h_1kb_bins/tad_0799_1kb.proj"
 [800] "Data/fig6/projection/tad_48h_1kb_bins/tad_0800_1kb.proj"
 [801] "Data/fig6/projection/tad_48h_1kb_bins/tad_0801_1kb.proj"
 [802] "Data/fig6/projection/tad_48h_1kb_bins/tad_0802_1kb.proj"
 [803] "Data/fig6/projection/tad_48h_1kb_bins/tad_0803_1kb.proj"
 [804] "Data/fig6/projection/tad_48h_1kb_bins/tad_0804_1kb.proj"
 [805] "Data/fig6/projection/tad_48h_1kb_bins/tad_0805_1kb.proj"
 [806] "Data/fig6/projection/tad_48h_1kb_bins/tad_0806_1kb.proj"
 [807] "Data/fig6/projection/tad_48h_1kb_bins/tad_0807_1kb.proj"
 [808] "Data/fig6/projection/tad_48h_1kb_bins/tad_0808_1kb.proj"
 [809] "Data/fig6/projection/tad_48h_1kb_bins/tad_0809_1kb.proj"
 [810] "Data/fig6/projection/tad_48h_1kb_bins/tad_0810_1kb.proj"
 [811] "Data/fig6/projection/tad_48h_1kb_bins/tad_0811_1kb.proj"
 [812] "Data/fig6/projection/tad_48h_1kb_bins/tad_0812_1kb.proj"
 [813] "Data/fig6/projection/tad_48h_1kb_bins/tad_0813_1kb.proj"
 [814] "Data/fig6/projection/tad_48h_1kb_bins/tad_0814_1kb.proj"
 [815] "Data/fig6/projection/tad_48h_1kb_bins/tad_0815_1kb.proj"
 [816] "Data/fig6/projection/tad_48h_1kb_bins/tad_0816_1kb.proj"
 [817] "Data/fig6/projection/tad_48h_1kb_bins/tad_0817_1kb.proj"
 [818] "Data/fig6/projection/tad_48h_1kb_bins/tad_0818_1kb.proj"
 [819] "Data/fig6/projection/tad_48h_1kb_bins/tad_0819_1kb.proj"
 [820] "Data/fig6/projection/tad_48h_1kb_bins/tad_0820_1kb.proj"
 [821] "Data/fig6/projection/tad_48h_1kb_bins/tad_0821_1kb.proj"
 [822] "Data/fig6/projection/tad_48h_1kb_bins/tad_0822_1kb.proj"
 [823] "Data/fig6/projection/tad_48h_1kb_bins/tad_0823_1kb.proj"
 [824] "Data/fig6/projection/tad_48h_1kb_bins/tad_0824_1kb.proj"
 [825] "Data/fig6/projection/tad_48h_1kb_bins/tad_0825_1kb.proj"
 [826] "Data/fig6/projection/tad_48h_1kb_bins/tad_0826_1kb.proj"
 [827] "Data/fig6/projection/tad_48h_1kb_bins/tad_0827_1kb.proj"
 [828] "Data/fig6/projection/tad_48h_1kb_bins/tad_0828_1kb.proj"
 [829] "Data/fig6/projection/tad_48h_1kb_bins/tad_0829_1kb.proj"
 [830] "Data/fig6/projection/tad_48h_1kb_bins/tad_0830_1kb.proj"
 [831] "Data/fig6/projection/tad_48h_1kb_bins/tad_0831_1kb.proj"
 [832] "Data/fig6/projection/tad_48h_1kb_bins/tad_0832_1kb.proj"
 [833] "Data/fig6/projection/tad_48h_1kb_bins/tad_0833_1kb.proj"
 [834] "Data/fig6/projection/tad_48h_1kb_bins/tad_0834_1kb.proj"
 [835] "Data/fig6/projection/tad_48h_1kb_bins/tad_0835_1kb.proj"
 [836] "Data/fig6/projection/tad_48h_1kb_bins/tad_0836_1kb.proj"
 [837] "Data/fig6/projection/tad_48h_1kb_bins/tad_0837_1kb.proj"
 [838] "Data/fig6/projection/tad_48h_1kb_bins/tad_0838_1kb.proj"
 [839] "Data/fig6/projection/tad_48h_1kb_bins/tad_0839_1kb.proj"
 [840] "Data/fig6/projection/tad_48h_1kb_bins/tad_0840_1kb.proj"
 [841] "Data/fig6/projection/tad_48h_1kb_bins/tad_0841_1kb.proj"
 [842] "Data/fig6/projection/tad_48h_1kb_bins/tad_0842_1kb.proj"
 [843] "Data/fig6/projection/tad_48h_1kb_bins/tad_0843_1kb.proj"
 [844] "Data/fig6/projection/tad_48h_1kb_bins/tad_0844_1kb.proj"
 [845] "Data/fig6/projection/tad_48h_1kb_bins/tad_0845_1kb.proj"
 [846] "Data/fig6/projection/tad_48h_1kb_bins/tad_0846_1kb.proj"
 [847] "Data/fig6/projection/tad_48h_1kb_bins/tad_0847_1kb.proj"
 [848] "Data/fig6/projection/tad_48h_1kb_bins/tad_0848_1kb.proj"
 [849] "Data/fig6/projection/tad_48h_1kb_bins/tad_0849_1kb.proj"
 [850] "Data/fig6/projection/tad_48h_1kb_bins/tad_0850_1kb.proj"
 [851] "Data/fig6/projection/tad_48h_1kb_bins/tad_0851_1kb.proj"
 [852] "Data/fig6/projection/tad_48h_1kb_bins/tad_0852_1kb.proj"
 [853] "Data/fig6/projection/tad_48h_1kb_bins/tad_0853_1kb.proj"
 [854] "Data/fig6/projection/tad_48h_1kb_bins/tad_0854_1kb.proj"
 [855] "Data/fig6/projection/tad_48h_1kb_bins/tad_0855_1kb.proj"
 [856] "Data/fig6/projection/tad_48h_1kb_bins/tad_0856_1kb.proj"
 [857] "Data/fig6/projection/tad_48h_1kb_bins/tad_0857_1kb.proj"
 [858] "Data/fig6/projection/tad_48h_1kb_bins/tad_0858_1kb.proj"
 [859] "Data/fig6/projection/tad_48h_1kb_bins/tad_0859_1kb.proj"
 [860] "Data/fig6/projection/tad_48h_1kb_bins/tad_0860_1kb.proj"
 [861] "Data/fig6/projection/tad_48h_1kb_bins/tad_0861_1kb.proj"
 [862] "Data/fig6/projection/tad_48h_1kb_bins/tad_0862_1kb.proj"
 [863] "Data/fig6/projection/tad_48h_1kb_bins/tad_0863_1kb.proj"
 [864] "Data/fig6/projection/tad_48h_1kb_bins/tad_0864_1kb.proj"
 [865] "Data/fig6/projection/tad_48h_1kb_bins/tad_0865_1kb.proj"
 [866] "Data/fig6/projection/tad_48h_1kb_bins/tad_0866_1kb.proj"
 [867] "Data/fig6/projection/tad_48h_1kb_bins/tad_0867_1kb.proj"
 [868] "Data/fig6/projection/tad_48h_1kb_bins/tad_0868_1kb.proj"
 [869] "Data/fig6/projection/tad_48h_1kb_bins/tad_0869_1kb.proj"
 [870] "Data/fig6/projection/tad_48h_1kb_bins/tad_0870_1kb.proj"
 [871] "Data/fig6/projection/tad_48h_1kb_bins/tad_0871_1kb.proj"
 [872] "Data/fig6/projection/tad_48h_1kb_bins/tad_0872_1kb.proj"
 [873] "Data/fig6/projection/tad_48h_1kb_bins/tad_0873_1kb.proj"
 [874] "Data/fig6/projection/tad_48h_1kb_bins/tad_0874_1kb.proj"
 [875] "Data/fig6/projection/tad_48h_1kb_bins/tad_0875_1kb.proj"
 [876] "Data/fig6/projection/tad_48h_1kb_bins/tad_0876_1kb.proj"
 [877] "Data/fig6/projection/tad_48h_1kb_bins/tad_0877_1kb.proj"
 [878] "Data/fig6/projection/tad_48h_1kb_bins/tad_0878_1kb.proj"
 [879] "Data/fig6/projection/tad_48h_1kb_bins/tad_0879_1kb.proj"
 [880] "Data/fig6/projection/tad_48h_1kb_bins/tad_0880_1kb.proj"
 [881] "Data/fig6/projection/tad_48h_1kb_bins/tad_0881_1kb.proj"
 [882] "Data/fig6/projection/tad_48h_1kb_bins/tad_0882_1kb.proj"
 [883] "Data/fig6/projection/tad_48h_1kb_bins/tad_0883_1kb.proj"
 [884] "Data/fig6/projection/tad_48h_1kb_bins/tad_0884_1kb.proj"
 [885] "Data/fig6/projection/tad_48h_1kb_bins/tad_0885_1kb.proj"
 [886] "Data/fig6/projection/tad_48h_1kb_bins/tad_0886_1kb.proj"
 [887] "Data/fig6/projection/tad_48h_1kb_bins/tad_0887_1kb.proj"
 [888] "Data/fig6/projection/tad_48h_1kb_bins/tad_0888_1kb.proj"
 [889] "Data/fig6/projection/tad_48h_1kb_bins/tad_0889_1kb.proj"
 [890] "Data/fig6/projection/tad_48h_1kb_bins/tad_0890_1kb.proj"
 [891] "Data/fig6/projection/tad_48h_1kb_bins/tad_0891_1kb.proj"
 [892] "Data/fig6/projection/tad_48h_1kb_bins/tad_0892_1kb.proj"
 [893] "Data/fig6/projection/tad_48h_1kb_bins/tad_0893_1kb.proj"
 [894] "Data/fig6/projection/tad_48h_1kb_bins/tad_0894_1kb.proj"
 [895] "Data/fig6/projection/tad_48h_1kb_bins/tad_0895_1kb.proj"
 [896] "Data/fig6/projection/tad_48h_1kb_bins/tad_0896_1kb.proj"
 [897] "Data/fig6/projection/tad_48h_1kb_bins/tad_0897_1kb.proj"
 [898] "Data/fig6/projection/tad_48h_1kb_bins/tad_0898_1kb.proj"
 [899] "Data/fig6/projection/tad_48h_1kb_bins/tad_0899_1kb.proj"
 [900] "Data/fig6/projection/tad_48h_1kb_bins/tad_0900_1kb.proj"
 [901] "Data/fig6/projection/tad_48h_1kb_bins/tad_0901_1kb.proj"
 [902] "Data/fig6/projection/tad_48h_1kb_bins/tad_0902_1kb.proj"
 [903] "Data/fig6/projection/tad_48h_1kb_bins/tad_0903_1kb.proj"
 [904] "Data/fig6/projection/tad_48h_1kb_bins/tad_0904_1kb.proj"
 [905] "Data/fig6/projection/tad_48h_1kb_bins/tad_0905_1kb.proj"
 [906] "Data/fig6/projection/tad_48h_1kb_bins/tad_0906_1kb.proj"
 [907] "Data/fig6/projection/tad_48h_1kb_bins/tad_0907_1kb.proj"
 [908] "Data/fig6/projection/tad_48h_1kb_bins/tad_0908_1kb.proj"
 [909] "Data/fig6/projection/tad_48h_1kb_bins/tad_0909_1kb.proj"
 [910] "Data/fig6/projection/tad_48h_1kb_bins/tad_0910_1kb.proj"
 [911] "Data/fig6/projection/tad_48h_1kb_bins/tad_0911_1kb.proj"
 [912] "Data/fig6/projection/tad_48h_1kb_bins/tad_0912_1kb.proj"
 [913] "Data/fig6/projection/tad_48h_1kb_bins/tad_0913_1kb.proj"
 [914] "Data/fig6/projection/tad_48h_1kb_bins/tad_0914_1kb.proj"
 [915] "Data/fig6/projection/tad_48h_1kb_bins/tad_0915_1kb.proj"
 [916] "Data/fig6/projection/tad_48h_1kb_bins/tad_0916_1kb.proj"
 [917] "Data/fig6/projection/tad_48h_1kb_bins/tad_0917_1kb.proj"
 [918] "Data/fig6/projection/tad_48h_1kb_bins/tad_0918_1kb.proj"
 [919] "Data/fig6/projection/tad_48h_1kb_bins/tad_0919_1kb.proj"
 [920] "Data/fig6/projection/tad_48h_1kb_bins/tad_0920_1kb.proj"
 [921] "Data/fig6/projection/tad_48h_1kb_bins/tad_0921_1kb.proj"
 [922] "Data/fig6/projection/tad_48h_1kb_bins/tad_0922_1kb.proj"
 [923] "Data/fig6/projection/tad_48h_1kb_bins/tad_0923_1kb.proj"
 [924] "Data/fig6/projection/tad_48h_1kb_bins/tad_0924_1kb.proj"
 [925] "Data/fig6/projection/tad_48h_1kb_bins/tad_0925_1kb.proj"
 [926] "Data/fig6/projection/tad_48h_1kb_bins/tad_0926_1kb.proj"
 [927] "Data/fig6/projection/tad_48h_1kb_bins/tad_0927_1kb.proj"
 [928] "Data/fig6/projection/tad_48h_1kb_bins/tad_0928_1kb.proj"
 [929] "Data/fig6/projection/tad_48h_1kb_bins/tad_0929_1kb.proj"
 [930] "Data/fig6/projection/tad_48h_1kb_bins/tad_0930_1kb.proj"
 [931] "Data/fig6/projection/tad_48h_1kb_bins/tad_0931_1kb.proj"
 [932] "Data/fig6/projection/tad_48h_1kb_bins/tad_0932_1kb.proj"
 [933] "Data/fig6/projection/tad_48h_1kb_bins/tad_0933_1kb.proj"
 [934] "Data/fig6/projection/tad_48h_1kb_bins/tad_0934_1kb.proj"
 [935] "Data/fig6/projection/tad_48h_1kb_bins/tad_0935_1kb.proj"
 [936] "Data/fig6/projection/tad_48h_1kb_bins/tad_0936_1kb.proj"
 [937] "Data/fig6/projection/tad_48h_1kb_bins/tad_0937_1kb.proj"
 [938] "Data/fig6/projection/tad_48h_1kb_bins/tad_0938_1kb.proj"
 [939] "Data/fig6/projection/tad_48h_1kb_bins/tad_0939_1kb.proj"
 [940] "Data/fig6/projection/tad_48h_1kb_bins/tad_0940_1kb.proj"
 [941] "Data/fig6/projection/tad_48h_1kb_bins/tad_0941_1kb.proj"
 [942] "Data/fig6/projection/tad_48h_1kb_bins/tad_0942_1kb.proj"
 [943] "Data/fig6/projection/tad_48h_1kb_bins/tad_0943_1kb.proj"
 [944] "Data/fig6/projection/tad_48h_1kb_bins/tad_0944_1kb.proj"
 [945] "Data/fig6/projection/tad_48h_1kb_bins/tad_0945_1kb.proj"
 [946] "Data/fig6/projection/tad_48h_1kb_bins/tad_0946_1kb.proj"
 [947] "Data/fig6/projection/tad_48h_1kb_bins/tad_0947_1kb.proj"
 [948] "Data/fig6/projection/tad_48h_1kb_bins/tad_0948_1kb.proj"
 [949] "Data/fig6/projection/tad_48h_1kb_bins/tad_0949_1kb.proj"
 [950] "Data/fig6/projection/tad_48h_1kb_bins/tad_0950_1kb.proj"
 [951] "Data/fig6/projection/tad_48h_1kb_bins/tad_0951_1kb.proj"
 [952] "Data/fig6/projection/tad_48h_1kb_bins/tad_0952_1kb.proj"
 [953] "Data/fig6/projection/tad_48h_1kb_bins/tad_0953_1kb.proj"
 [954] "Data/fig6/projection/tad_48h_1kb_bins/tad_0954_1kb.proj"
 [955] "Data/fig6/projection/tad_48h_1kb_bins/tad_0955_1kb.proj"
 [956] "Data/fig6/projection/tad_48h_1kb_bins/tad_0956_1kb.proj"
 [957] "Data/fig6/projection/tad_48h_1kb_bins/tad_0957_1kb.proj"
 [958] "Data/fig6/projection/tad_48h_1kb_bins/tad_0958_1kb.proj"
 [959] "Data/fig6/projection/tad_48h_1kb_bins/tad_0959_1kb.proj"
 [960] "Data/fig6/projection/tad_48h_1kb_bins/tad_0960_1kb.proj"
 [961] "Data/fig6/projection/tad_48h_1kb_bins/tad_0961_1kb.proj"
 [962] "Data/fig6/projection/tad_48h_1kb_bins/tad_0962_1kb.proj"
 [963] "Data/fig6/projection/tad_48h_1kb_bins/tad_0963_1kb.proj"
 [964] "Data/fig6/projection/tad_48h_1kb_bins/tad_0964_1kb.proj"
 [965] "Data/fig6/projection/tad_48h_1kb_bins/tad_0965_1kb.proj"
 [966] "Data/fig6/projection/tad_48h_1kb_bins/tad_0966_1kb.proj"
 [967] "Data/fig6/projection/tad_48h_1kb_bins/tad_0967_1kb.proj"
 [968] "Data/fig6/projection/tad_48h_1kb_bins/tad_0968_1kb.proj"
 [969] "Data/fig6/projection/tad_48h_1kb_bins/tad_0969_1kb.proj"
 [970] "Data/fig6/projection/tad_48h_1kb_bins/tad_0970_1kb.proj"
 [971] "Data/fig6/projection/tad_48h_1kb_bins/tad_0971_1kb.proj"
 [972] "Data/fig6/projection/tad_48h_1kb_bins/tad_0972_1kb.proj"
 [973] "Data/fig6/projection/tad_48h_1kb_bins/tad_0973_1kb.proj"
 [974] "Data/fig6/projection/tad_48h_1kb_bins/tad_0974_1kb.proj"
 [975] "Data/fig6/projection/tad_48h_1kb_bins/tad_0975_1kb.proj"
 [976] "Data/fig6/projection/tad_48h_1kb_bins/tad_0976_1kb.proj"
 [977] "Data/fig6/projection/tad_48h_1kb_bins/tad_0977_1kb.proj"
 [978] "Data/fig6/projection/tad_48h_1kb_bins/tad_0978_1kb.proj"
 [979] "Data/fig6/projection/tad_48h_1kb_bins/tad_0979_1kb.proj"
 [980] "Data/fig6/projection/tad_48h_1kb_bins/tad_0980_1kb.proj"
 [981] "Data/fig6/projection/tad_48h_1kb_bins/tad_0981_1kb.proj"
 [982] "Data/fig6/projection/tad_48h_1kb_bins/tad_0982_1kb.proj"
 [983] "Data/fig6/projection/tad_48h_1kb_bins/tad_0983_1kb.proj"
 [984] "Data/fig6/projection/tad_48h_1kb_bins/tad_0984_1kb.proj"
 [985] "Data/fig6/projection/tad_48h_1kb_bins/tad_0985_1kb.proj"
 [986] "Data/fig6/projection/tad_48h_1kb_bins/tad_0986_1kb.proj"
 [987] "Data/fig6/projection/tad_48h_1kb_bins/tad_0987_1kb.proj"
 [988] "Data/fig6/projection/tad_48h_1kb_bins/tad_0988_1kb.proj"
 [989] "Data/fig6/projection/tad_48h_1kb_bins/tad_0989_1kb.proj"
 [990] "Data/fig6/projection/tad_48h_1kb_bins/tad_0990_1kb.proj"
 [991] "Data/fig6/projection/tad_48h_1kb_bins/tad_0991_1kb.proj"
 [992] "Data/fig6/projection/tad_48h_1kb_bins/tad_0992_1kb.proj"
 [993] "Data/fig6/projection/tad_48h_1kb_bins/tad_0993_1kb.proj"
 [994] "Data/fig6/projection/tad_48h_1kb_bins/tad_0994_1kb.proj"
 [995] "Data/fig6/projection/tad_48h_1kb_bins/tad_0995_1kb.proj"
 [996] "Data/fig6/projection/tad_48h_1kb_bins/tad_0996_1kb.proj"
 [997] "Data/fig6/projection/tad_48h_1kb_bins/tad_0997_1kb.proj"
 [998] "Data/fig6/projection/tad_48h_1kb_bins/tad_0998_1kb.proj"
 [999] "Data/fig6/projection/tad_48h_1kb_bins/tad_0999_1kb.proj"
[1000] "Data/fig6/projection/tad_48h_1kb_bins/tad_1000_1kb.proj"
Read 28 items
Read 28 items
Read 28 items
Read 28 items
Read 28 items
Read 28 items
Read 28 items
Read 28 items
Read 28 items
Read 28 items
Read 28 items
Read 28 items
Read 28 items
Read 28 items
Read 28 items
Read 28 items
Read 28 items
Read 28 items
Read 28 items
Read 28 items
Read 28 items
Read 28 items
Read 28 items
Read 28 items
Read 28 items
Read 28 items
Read 28 items
Read 28 items
Read 28 items
Read 28 items
Read 28 items
Read 28 items
Read 28 items
Read 28 items
Read 28 items
Read 28 items
Read 28 items
Read 28 items
Read 28 items
Read 28 items
Read 28 items
Read 28 items
Read 28 items
Read 28 items
Read 28 items
Read 28 items
Read 28 items
Read 28 items
Read 28 items
Read 28 items
Read 28 items
Read 28 items
Read 28 items
Read 28 items
Read 28 items
Read 28 items
Read 28 items
Read 28 items
Read 28 items
Read 28 items
Read 28 items
Read 28 items
Read 28 items
Read 28 items
Read 28 items
Read 28 items
Read 28 items
Read 28 items
Read 28 items
Read 28 items
Read 28 items
Read 28 items
Read 28 items
Read 28 items
Read 28 items
Read 28 items
Read 28 items
Read 28 items
Read 28 items
Read 28 items
Read 28 items
Read 28 items
Read 28 items
Read 28 items
Read 28 items
Read 28 items
Read 28 items
Read 28 items
Read 28 items
Read 28 items
Read 28 items
Read 28 items
Read 28 items
Read 28 items
Read 28 items
Read 28 items
Read 28 items
Read 28 items
Read 28 items
Read 28 items
Read 28 items
Read 28 items
Read 28 items
Read 28 items
Read 28 items
Read 28 items
Read 28 items
Read 28 items
Read 28 items
Read 28 items
Read 28 items
Read 28 items
Read 28 items
Read 28 items
Read 28 items
Read 28 items
Read 28 items
Read 28 items
Read 28 items
Read 28 items
Read 28 items
Read 28 items
Read 28 items
Read 28 items
Read 28 items
Read 28 items
Read 28 items
Read 28 items
Read 28 items
Read 28 items
Read 28 items
Read 28 items
Read 28 items
Read 28 items
Read 28 items
Read 28 items
Read 28 items
Read 28 items
Read 28 items
Read 28 items
Read 28 items
Read 28 items
Read 28 items
Read 28 items
Read 28 items
Read 28 items
Read 28 items
Read 28 items
Read 28 items
Read 28 items
Read 28 items
Read 28 items
Read 28 items
Read 28 items
Read 28 items
Read 28 items
Read 28 items
Read 28 items
Read 28 items
Read 28 items
Read 28 items
Read 28 items
Read 28 items
Read 28 items
Read 28 items
Read 28 items
Read 28 items
Read 28 items
Read 28 items
Read 28 items
Read 28 items
Read 28 items
Read 28 items
Read 28 items
Read 28 items
Read 28 items
Read 28 items
Read 28 items
Read 28 items
Read 28 items
Read 28 items
Read 28 items
Read 28 items
Read 28 items
Read 28 items
Read 28 items
Read 28 items
Read 28 items
Read 28 items
Read 28 items
Read 28 items
Read 28 items
Read 28 items
Read 28 items
Read 28 items
Read 28 items
Read 28 items
Read 28 items
Read 28 items
Read 28 items
Read 28 items
Read 28 items
Read 28 items
Read 28 items
Read 28 items
Read 28 items
Read 28 items
Read 28 items
Read 28 items
Read 28 items
Read 28 items
Read 28 items
Read 28 items
Read 28 items
Read 28 items
Read 28 items
Read 28 items
Read 28 items
Read 28 items
Read 28 items
Read 28 items
Read 28 items
Read 28 items
Read 28 items
Read 28 items
Read 28 items
Read 28 items
Read 28 items
Read 28 items
Read 28 items
Read 28 items
Read 28 items
Read 28 items
Read 28 items
Read 28 items
Read 28 items
Read 28 items
Read 28 items
Read 28 items
Read 28 items
Read 28 items
Read 28 items
Read 28 items
Read 28 items
Read 28 items
Read 28 items
Read 28 items
Read 28 items
Read 28 items
Read 28 items
Read 28 items
Read 28 items
Read 28 items
Read 28 items
Read 28 items
Read 28 items
Read 28 items
Read 28 items
Read 28 items
Read 28 items
Read 28 items
Read 28 items
Read 28 items
Read 28 items
Read 28 items
Read 28 items
Read 28 items
Read 28 items
Read 28 items
Read 28 items
Read 28 items
Read 28 items
Read 28 items
Read 28 items
Read 28 items
Read 28 items
Read 28 items
Read 28 items
Read 28 items
Read 28 items
Read 28 items
Read 28 items
Read 28 items
Read 28 items
Read 28 items
Read 28 items
Read 28 items
Read 28 items
Read 28 items
Read 28 items
Read 28 items
Read 28 items
Read 28 items
Read 28 items
Read 28 items
Read 28 items
Read 28 items
Read 28 items
Read 28 items
Read 28 items
Read 28 items
Read 28 items
Read 28 items
Read 28 items
Read 28 items
Read 28 items
Read 28 items
Read 28 items
Read 28 items
Read 28 items
Read 28 items
Read 28 items
Read 28 items
Read 28 items
Read 28 items
Read 28 items
Read 28 items
Read 28 items
Read 28 items
Read 28 items
Read 28 items
Read 28 items
Read 28 items
Read 28 items
Read 28 items
Read 28 items
Read 28 items
Read 28 items
Read 28 items
Read 28 items
Read 28 items
Read 28 items
Read 28 items
Read 28 items
Read 28 items
Read 28 items
Read 28 items
Read 28 items
Read 28 items
Read 28 items
Read 28 items
Read 28 items
Read 28 items
Read 28 items
Read 28 items
Read 28 items
Read 28 items
Read 28 items
Read 28 items
Read 28 items
Read 28 items
Read 28 items
Read 28 items
Read 28 items
Read 28 items
Read 28 items
Read 28 items
Read 28 items
Read 28 items
Read 28 items
Read 28 items
Read 28 items
Read 28 items
Read 28 items
Read 28 items
Read 28 items
Read 28 items
Read 28 items
Read 28 items
Read 28 items
Read 28 items
Read 28 items
Read 28 items
Read 28 items
Read 28 items
Read 28 items
Read 28 items
Read 28 items
Read 28 items
Read 28 items
Read 28 items
Read 28 items
Read 28 items
Read 28 items
Read 28 items
Read 28 items
Read 28 items
Read 28 items
Read 28 items
Read 28 items
Read 28 items
Read 28 items
Read 28 items
Read 28 items
Read 28 items
Read 28 items
Read 28 items
Read 28 items
Read 28 items
Read 28 items
Read 28 items
Read 28 items
Read 28 items
Read 28 items
Read 28 items
Read 28 items
Read 28 items
Read 28 items
Read 28 items
Read 28 items
Read 28 items
Read 28 items
Read 28 items
Read 28 items
Read 28 items
Read 28 items
Read 28 items
Read 28 items
Read 28 items
Read 28 items
Read 28 items
Read 28 items
Read 28 items
Read 28 items
Read 28 items
Read 28 items
Read 28 items
Read 28 items
Read 28 items
Read 28 items
Read 28 items
Read 28 items
Read 28 items
Read 28 items
Read 28 items
Read 28 items
Read 28 items
Read 28 items
Read 28 items
Read 28 items
Read 28 items
Read 28 items
Read 28 items
Read 28 items
Read 28 items
Read 28 items
Read 28 items
Read 28 items
Read 28 items
Read 28 items
Read 28 items
Read 28 items
Read 28 items
Read 28 items
Read 28 items
Read 28 items
Read 28 items
Read 28 items
Read 28 items
Read 28 items
Read 28 items
Read 28 items
Read 28 items
Read 28 items
Read 28 items
Read 28 items
Read 28 items
Read 28 items
Read 28 items
Read 28 items
Read 28 items
Read 28 items
Read 28 items
Read 28 items
Read 28 items
Read 28 items
Read 28 items
Read 28 items
Read 28 items
Read 28 items
Read 28 items
Read 28 items
Read 28 items
Read 28 items
Read 28 items
Read 28 items
Read 28 items
Read 28 items
Read 28 items
Read 28 items
Read 28 items
Read 28 items
Read 28 items
Read 28 items
Read 28 items
Read 28 items
Read 28 items
Read 28 items
Read 28 items
Read 28 items
Read 28 items
Read 28 items
Read 28 items
Read 28 items
Read 28 items
Read 28 items
Read 28 items
Read 28 items
Read 28 items
Read 28 items
Read 28 items
Read 28 items
Read 28 items
Read 28 items
Read 28 items
Read 28 items
Read 28 items
Read 28 items
Read 28 items
Read 28 items
Read 28 items
Read 28 items
Read 28 items
Read 28 items
Read 28 items
Read 28 items
Read 28 items
Read 28 items
Read 28 items
Read 28 items
Read 28 items
Read 28 items
Read 28 items
Read 28 items
Read 28 items
Read 28 items
Read 28 items
Read 28 items
Read 28 items
Read 28 items
Read 28 items
Read 28 items
Read 28 items
Read 28 items
Read 28 items
Read 28 items
Read 28 items
Read 28 items
Read 28 items
Read 28 items
Read 28 items
Read 28 items
Read 28 items
Read 28 items
Read 28 items
Read 28 items
Read 28 items
Read 28 items
Read 28 items
Read 28 items
Read 28 items
Read 28 items
Read 28 items
Read 28 items
Read 28 items
Read 28 items
Read 28 items
Read 28 items
Read 28 items
Read 28 items
Read 28 items
Read 28 items
Read 28 items
Read 28 items
Read 28 items
Read 28 items
Read 28 items
Read 28 items
Read 28 items
Read 28 items
Read 28 items
Read 28 items
Read 28 items
Read 28 items
Read 28 items
Read 28 items
Read 28 items
Read 28 items
Read 28 items
Read 28 items
Read 28 items
Read 28 items
Read 28 items
Read 28 items
Read 28 items
Read 28 items
Read 28 items
Read 28 items
Read 28 items
Read 28 items
Read 28 items
Read 28 items
Read 28 items
Read 28 items
Read 28 items
Read 28 items
Read 28 items
Read 28 items
Read 28 items
Read 28 items
Read 28 items
Read 28 items
Read 28 items
Read 28 items
Read 28 items
Read 28 items
Read 28 items
Read 28 items
Read 28 items
Read 28 items
Read 28 items
Read 28 items
Read 28 items
Read 28 items
Read 28 items
Read 28 items
Read 28 items
Read 28 items
Read 28 items
Read 28 items
Read 28 items
Read 28 items
Read 28 items
Read 28 items
Read 28 items
Read 28 items
Read 28 items
Read 28 items
Read 28 items
Read 28 items
Read 28 items
Read 28 items
Read 28 items
Read 28 items
Read 28 items
Read 28 items
Read 28 items
Read 28 items
Read 28 items
Read 28 items
Read 28 items
Read 28 items
Read 28 items
Read 28 items
Read 28 items
Read 28 items
Read 28 items
Read 28 items
Read 28 items
Read 28 items
Read 28 items
Read 28 items
Read 28 items
Read 28 items
Read 28 items
Read 28 items
Read 28 items
Read 28 items
Read 28 items
Read 28 items
Read 28 items
Read 28 items
Read 28 items
Read 28 items
Read 28 items
Read 28 items
Read 28 items
Read 28 items
Read 28 items
Read 28 items
Read 28 items
Read 28 items
Read 28 items
Read 28 items
Read 28 items
Read 28 items
Read 28 items
Read 28 items
Read 28 items
Read 28 items
Read 28 items
Read 28 items
Read 28 items
Read 28 items
Read 28 items
Read 28 items
Read 28 items
Read 28 items
Read 28 items
Read 28 items
Read 28 items
Read 28 items
Read 28 items
Read 28 items
Read 28 items
Read 28 items
Read 28 items
Read 28 items
Read 28 items
Read 28 items
Read 28 items
Read 28 items
Read 28 items
Read 28 items
Read 28 items
Read 28 items
Read 28 items
Read 28 items
Read 28 items
Read 28 items
Read 28 items
Read 28 items
Read 28 items
Read 28 items
Read 28 items
Read 28 items
Read 28 items
Read 28 items
Read 28 items
Read 28 items
Read 28 items
Read 28 items
Read 28 items
Read 28 items
Read 28 items
Read 28 items
Read 28 items
Read 28 items
Read 28 items
Read 28 items
Read 28 items
Read 28 items
Read 28 items
Read 28 items
Read 28 items
Read 28 items
Read 28 items
Read 28 items
Read 28 items
Read 28 items
Read 28 items
Read 28 items
Read 28 items
Read 28 items
Read 28 items
Read 28 items
Read 28 items
Read 28 items
Read 28 items
Read 28 items
Read 28 items
Read 28 items
Read 28 items
Read 28 items
Read 28 items
Read 28 items
Read 28 items
Read 28 items
Read 28 items
Read 28 items
Read 28 items
Read 28 items
Read 28 items
Read 28 items
Read 28 items
Read 28 items
Read 28 items
Read 28 items
Read 28 items
Read 28 items
Read 28 items
Read 28 items
Read 28 items
Read 28 items
Read 28 items
Read 28 items
Read 28 items
Read 28 items
Read 28 items
Read 28 items
Read 28 items
Read 28 items
Read 28 items
Read 28 items
Read 28 items
Read 28 items
Read 28 items
Read 28 items
Read 28 items
Read 28 items
Read 28 items
Read 28 items
Read 28 items
Read 28 items
Read 28 items
Read 28 items
Read 28 items
Read 28 items
Read 28 items
Read 28 items
Read 28 items
Read 28 items
Read 28 items
Read 28 items
Read 28 items
Read 28 items
Read 28 items
Read 28 items
Read 28 items
Read 28 items
Read 28 items
Read 28 items
Read 28 items
Read 28 items
Read 28 items
Read 28 items
Read 28 items
Read 28 items
Read 28 items
Read 28 items
Read 28 items
Read 28 items
Read 28 items
Read 28 items
Read 28 items
Read 28 items
Read 28 items
Read 28 items
Read 28 items
Read 28 items
Read 28 items
Read 28 items
Read 28 items
Read 28 items
Read 28 items
Read 28 items
Read 28 items
Read 28 items
Read 28 items
Read 28 items
Read 28 items
Read 28 items
Read 28 items
Read 28 items
Read 28 items
Read 28 items
Read 28 items
Read 28 items
Read 28 items
Read 28 items
Read 28 items
Read 28 items
Read 28 items
Read 28 items
Read 28 items
Read 28 items
Read 28 items
Read 28 items
Read 28 items
Read 28 items
Read 28 items
Read 28 items
Read 28 items
Read 28 items
Read 28 items
Read 28 items
Read 28 items
Read 28 items
Read 28 items
Read 28 items
Read 28 items
Read 28 items
Read 28 items
Read 28 items
Read 28 items
Read 28 items
Read 28 items
Read 28 items
Read 28 items
Read 28 items
Read 28 items
Read 28 items
Read 28 items
Read 28 items
Read 28 items
Read 28 items
Read 28 items
Read 28 items
Read 28 items
Read 28 items
Read 28 items
Read 28 items
Read 28 items
Read 28 items
Read 28 items
Read 28 items
Read 28 items
Read 28 items
Read 28 items
Read 28 items
Read 28 items
Read 28 items
Read 28 items
Read 28 items
Read 28 items
Read 28 items
Read 28 items
Read 28 items
Read 28 items
Read 28 items
Read 28 items
Read 28 items
Read 28 items
Read 28 items
Read 28 items
Read 28 items
Read 28 items
Read 28 items
Read 28 items
Read 28 items
Read 28 items
Read 28 items
Read 28 items
Read 28 items
Read 28 items
Read 28 items
Read 28 items
Read 28 items
Read 28 items
Read 28 items
Read 28 items
Read 28 items
Read 28 items
Read 28 items
Read 28 items
Read 28 items
Read 28 items
Read 28 items
Read 28 items
Read 28 items
Read 28 items
Read 28 items
Read 28 items
Read 28 items
Read 28 items
Read 28 items
Read 28 items
Read 28 items
Read 28 items
Read 28 items
Read 28 items
Read 28 items
Read 28 items
Read 28 items
Read 28 items
Read 28 items
Read 28 items
Read 28 items
Read 28 items
Read 28 items
Read 28 items
Read 28 items
Read 28 items
Read 28 items
Read 28 items
Read 28 items
Read 28 items
Read 28 items
Read 28 items
Read 28 items
Read 28 items
Read 28 items
Read 28 items
Read 28 items
Read 28 items
Read 28 items
Read 28 items
Read 28 items
Read 28 items
Read 28 items
Read 28 items
Read 28 items
Read 28 items
Read 28 items
Read 28 items
Read 28 items
Read 28 items
Read 28 items
Read 28 items
Read 28 items
Warning message:
NAs introduced by coercion 
Warning message:
Removed 83360 rows containing non-finite values (stat_boxplot). 
